INFO - 12/04/25 15:01:36 - 0:00:00 - ============ Initialized logger ============
INFO - 12/04/25 15:01:36 - 0:00:00 - batch_size: 32
                                     command: python 3cgshop.py --exp_id "tg1i4hbzz7"
                                     cpu: True
                                     dump_path: checkpoint/debug/tg1i4hbzz7
                                     exp_id: tg1i4hbzz7
                                     exp_name: debug
                                     gen_batch_size: 10
                                     learning_rate: 0.0005
                                     max_epochs: 10
                                     max_output_length: 160
                                     max_steps: 200
                                     n_embd: 64
                                     n_embd2: 32
                                     n_head: 8
                                     n_layer: 2
                                     n_tokens: 100
                                     sample_only: 500
                                     temperature: 1.0
                                     top_k: -1
                                     type: transformer
                                     weight_decay: 0.01
INFO - 12/04/25 15:01:36 - 0:00:00 - The experiment will be stored in checkpoint/debug/tg1i4hbzz7
                                     
INFO - 12/04/25 15:01:36 - 0:00:00 - Running command: python 3cgshop.py

INFO - 12/04/25 15:01:36 - 0:00:00 - Created checkpoint/debug/tg1i4hbzz7/temp.txt and training tokenizer...
INFO - 12/04/25 15:01:36 - 0:00:00 - Directory 'checkpoint/debug/tg1i4hbzz7/tokenizer_data' created.
INFO - 12/04/25 15:01:36 - 0:00:00 - File 'checkpoint/debug/tg1i4hbzz7/temp.txt' has been deleted.
INFO - 12/04/25 15:01:36 - 0:00:00 - 0 / 1
INFO - 12/04/25 15:01:36 - 0:00:00 - initializing at generation: 1
INFO - 12/04/25 15:01:36 - 0:00:00 - number of examples in the dataset: 1
INFO - 12/04/25 15:01:36 - 0:00:00 - max word length: 24
INFO - 12/04/25 15:01:36 - 0:00:00 - number of unique characters in the vocabulary: 8
INFO - 12/04/25 15:01:36 - 0:00:00 - vocabulary:
INFO - 12/04/25 15:01:36 - 0:00:00 - ['V1', 'V2', 'V3', 'V5', 'V6', 'V7', 'V8', 'V9']
INFO - 12/04/25 15:01:36 - 0:00:00 - split up the dataset into 0 training examples and 1 test examples
INFO - 12/04/25 15:01:36 - 0:00:00 - dataset determined that: vocab_size=9, block_size=161
INFO - 12/04/25 15:01:36 - 0:00:00 - model #params: 111552
INFO - 12/04/25 15:01:36 - 0:00:00 - ============ Start of generation 1 ============
INFO - 12/04/25 15:01:36 - 0:00:00 - cuda Memory allocated:  0.00MB, cuda reserved: 0.00MB
INFO - 12/04/25 15:01:36 - 0:00:00 - training
