INFO - 12/12/25 13:47:30 - 0:00:00 - ============ Initialized logger ============
INFO - 12/12/25 13:47:30 - 0:00:00 - batch_size: 32
                                     command: python 4cgshop.py --exp_id "2zxrn0jel5"
                                     cpu: True
                                     dump_path: checkpoint/debug/2zxrn0jel5
                                     exp_id: 2zxrn0jel5
                                     exp_name: debug
                                     gen_batch_size: 10
                                     learning_rate: 0.0005
                                     max_epochs: 10
                                     max_output_length: 160
                                     max_steps: 200
                                     n_embd: 64
                                     n_embd2: 32
                                     n_head: 8
                                     n_layer: 2
                                     n_tokens: 100
                                     sample_only: 500
                                     temperature: 1.0
                                     top_k: -1
                                     type: transformer
                                     weight_decay: 0.01
INFO - 12/12/25 13:47:30 - 0:00:00 - The experiment will be stored in checkpoint/debug/2zxrn0jel5
                                     
INFO - 12/12/25 13:47:30 - 0:00:00 - Running command: python 4cgshop.py

INFO - 12/12/25 13:47:30 - 0:00:01 - Created checkpoint/debug/2zxrn0jel5/temp.txt and training tokenizer...
INFO - 12/12/25 13:47:30 - 0:00:01 - Directory 'checkpoint/debug/2zxrn0jel5/tokenizer_data' created.
INFO - 12/12/25 13:47:30 - 0:00:01 - File 'checkpoint/debug/2zxrn0jel5/temp.txt' has been deleted.
INFO - 12/12/25 13:47:30 - 0:00:01 - 0 / 20
INFO - 12/12/25 13:47:30 - 0:00:01 - initializing at generation: 1
INFO - 12/12/25 13:47:30 - 0:00:01 - number of examples in the dataset: 20
INFO - 12/12/25 13:47:30 - 0:00:01 - max word length: 44
INFO - 12/12/25 13:47:30 - 0:00:01 - number of unique characters in the vocabulary: 13
INFO - 12/12/25 13:47:30 - 0:00:01 - vocabulary:
INFO - 12/12/25 13:47:30 - 0:00:01 - ['V1', 'V2', 'V3', 'V4', 'V6', 'V7', 'V8', 'V9', 'V10', 'V11', 'V12', 'V13', 'V14']
INFO - 12/12/25 13:47:30 - 0:00:01 - split up the dataset into 18 training examples and 2 test examples
INFO - 12/12/25 13:47:30 - 0:00:01 - dataset determined that: vocab_size=14, block_size=161
INFO - 12/12/25 13:47:30 - 0:00:01 - model #params: 112192
INFO - 12/12/25 13:47:30 - 0:00:01 - ============ Start of generation 1 ============
INFO - 12/12/25 13:47:30 - 0:00:01 - cuda Memory allocated:  0.00MB, cuda reserved: 0.00MB
INFO - 12/12/25 13:47:30 - 0:00:01 - training
INFO - 12/12/25 13:47:31 - 0:00:01 - step 0/200 | loss 2.8497 | step time 42.62ms
INFO - 12/12/25 13:47:33 - 0:00:03 - step 100/200 | loss 0.7899 | step time 18.56ms
INFO - 12/12/25 13:47:34 - 0:00:05 - Memory allocated:  0.00MB, reserved: 0.00MB
INFO - 12/12/25 13:47:34 - 0:00:05 - generating
