
========== random_move_from_coreset run ==========
Time: 2025-12-19 14:11:37
benchmark_dir = ./data/benchmark_instances
coreset_dir   = ./data/coreset_instance
result_csv    = ./result.csv

-------------------------------------------------------
[random_instance_110_15_3_coreset.json]
instance_uid            = random_instance_110_15_3
center_dist_on_full     = 7.000000
random_move_time        = 1.516s
evaluate_time           = 0.624s
best_cost(result.csv)   = 7.000000
delta(new - best)       = 0.000000
improvement(best - new) = 0.000000
ratio(new / best)       = 1.000000
comparison              = equal_to_result_csv
-------------------------------------------------------
-------------------------------------------------------
[random_instance_111_15_2_coreset.json]
instance_uid            = random_instance_111_15_2
center_dist_on_full     = 5.000000
random_move_time        = 0.665s
evaluate_time           = 0.622s
best_cost(result.csv)   = 5.000000
delta(new - best)       = 0.000000
improvement(best - new) = 0.000000
ratio(new / best)       = 1.000000
comparison              = equal_to_result_csv
-------------------------------------------------------
-------------------------------------------------------
[random_instance_130_15_5_coreset.json]
instance_uid            = random_instance_130_15_5
center_dist_on_full     = 9.000000
random_move_time        = 2.226s
evaluate_time           = 0.607s
best_cost(result.csv)   = 9.000000
delta(new - best)       = 0.000000
improvement(best - new) = 0.000000
ratio(new / best)       = 1.000000
comparison              = equal_to_result_csv
-------------------------------------------------------
-------------------------------------------------------
[random_instance_132_80_20_coreset.json]
instance_uid            = random_instance_132_80_20
center_dist_on_full     = 113.000000
random_move_time        = 171.381s
evaluate_time           = 1.232s
best_cost(result.csv)   = 81.000000
delta(new - best)       = 32.000000
improvement(best - new) = -32.000000
ratio(new / best)       = 1.395062
comparison              = worse_than_result_csv
-------------------------------------------------------
-------------------------------------------------------
[random_instance_136_320_2_coreset.json]
instance_uid            = random_instance_136_320_2
center_dist_on_full     = 6.000000
random_move_time        = 500.343s
evaluate_time           = 6.725s
best_cost(result.csv)   = 7.000000
delta(new - best)       = -1.000000
improvement(best - new) = 1.000000
ratio(new / best)       = 0.857143
comparison              = better_than_result_csv
-------------------------------------------------------
-------------------------------------------------------
[random_instance_137_40_10_coreset.json]
instance_uid            = random_instance_137_40_10
center_dist_on_full     = 44.000000
random_move_time        = 20.353s
evaluate_time           = 0.689s
best_cost(result.csv)   = 31.000000
delta(new - best)       = 13.000000
improvement(best - new) = -13.000000
ratio(new / best)       = 1.419355
comparison              = worse_than_result_csv
-------------------------------------------------------
