INFO - 11/20/25 11:38:07 - 0:00:00 - ============ Initialized logger ============
INFO - 11/20/25 11:38:07 - 0:00:00 - batch_size: 32
                                     command: python cgshop.py --exp_id "7gh6p4mh6q"
                                     cpu: True
                                     dump_path: checkpoint/debug/7gh6p4mh6q
                                     exp_id: 7gh6p4mh6q
                                     exp_name: debug
                                     gen_batch_size: 10
                                     learning_rate: 0.0005
                                     max_epochs: 10
                                     max_output_length: 160
                                     max_steps: 200
                                     n_embd: 64
                                     n_embd2: 32
                                     n_head: 8
                                     n_layer: 2
                                     n_tokens: 100
                                     sample_only: 500
                                     temperature: 1.0
                                     top_k: -1
                                     type: transformer
                                     weight_decay: 0.01
INFO - 11/20/25 11:38:07 - 0:00:00 - The experiment will be stored in checkpoint/debug/7gh6p4mh6q
                                     
INFO - 11/20/25 11:38:07 - 0:00:00 - Running command: python cgshop.py

INFO - 11/20/25 11:38:12 - 0:00:05 - Created checkpoint/debug/7gh6p4mh6q/temp.txt and training tokenizer...
INFO - 11/20/25 11:38:12 - 0:00:05 - Directory 'checkpoint/debug/7gh6p4mh6q/tokenizer_data' created.
INFO - 11/20/25 11:38:12 - 0:00:05 - File 'checkpoint/debug/7gh6p4mh6q/temp.txt' has been deleted.
INFO - 11/20/25 11:38:12 - 0:00:05 - 0 / 20
INFO - 11/20/25 11:38:12 - 0:00:05 - initializing at generation: 1
INFO - 11/20/25 11:38:12 - 0:00:05 - number of examples in the dataset: 20
INFO - 11/20/25 11:38:12 - 0:00:05 - max word length: 35
INFO - 11/20/25 11:38:12 - 0:00:05 - number of unique characters in the vocabulary: 89
INFO - 11/20/25 11:38:12 - 0:00:05 - vocabulary:
INFO - 11/20/25 11:38:12 - 0:00:05 - ['V0', 'V1', 'V2', 'V3', 'V4', 'V5', 'V6', 'V7', 'V8', 'V9', 'V10', 'V11', 'V12', 'V14', 'V15', 'V16', 'V17', 'V18', 'V19', 'V20', 'V21', 'V22', 'V23', 'V26', 'V27', 'V28', 'V29', 'V30', 'V31', 'V32', 'V33', 'V34', 'V35', 'V36', 'V37', 'V38', 'V39', 'V40', 'V41', 'V42', 'V43', 'V44', 'V46', 'V47', 'V50', 'V52', 'V53', 'V54', 'V55', 'V56', 'V57', 'V58', 'V59', 'V60', 'V61', 'V62', 'V63', 'V64', 'V65', 'V66', 'V67', 'V69', 'V73', 'V74', 'V75', 'V76', 'V77', 'V78', 'V79', 'V80', 'V81', 'V82', 'V83', 'V84', 'V85', 'V86', 'V87', 'V88', 'V89', 'V90', 'V91', 'V92', 'V93', 'V94', 'V95', 'V96', 'V97', 'V98', 'V99']
INFO - 11/20/25 11:38:12 - 0:00:05 - split up the dataset into 18 training examples and 2 test examples
INFO - 11/20/25 11:38:12 - 0:00:05 - dataset determined that: vocab_size=90, block_size=161
INFO - 11/20/25 11:38:12 - 0:00:05 - model #params: 121920
INFO - 11/20/25 11:38:12 - 0:00:05 - ============ Start of generation 1 ============
INFO - 11/20/25 11:38:12 - 0:00:05 - cuda Memory allocated:  0.00MB, cuda reserved: 0.00MB
INFO - 11/20/25 11:38:12 - 0:00:05 - training
INFO - 11/20/25 11:38:13 - 0:00:05 - step 0/200 | loss 4.6724 | step time 44.85ms
INFO - 11/20/25 11:38:15 - 0:00:07 - step 100/200 | loss 1.5592 | step time 18.42ms
INFO - 11/20/25 11:38:17 - 0:00:09 - Memory allocated:  0.00MB, reserved: 0.00MB
INFO - 11/20/25 11:38:17 - 0:00:09 - generating
INFO - 11/20/25 11:38:46 - 0:00:38 - distribution of sample lengths: average: 103.362 max: 254
INFO - 11/20/25 11:38:46 - 0:00:38 - decoding
INFO - 11/20/25 11:38:46 - 0:00:38 - Decoding complete. Check the output in checkpoint/debug/7gh6p4mh6q/transformer-output-decoded.txt
INFO - 11/20/25 11:38:46 - 0:00:38 - Memory allocated:  0.00MB, reserved: 0.00MB
INFO - 11/20/25 11:38:46 - 0:00:38 - ============ End of generation 1 ============
