INFO - 11/19/25 13:28:43 - 0:00:00 - ============ Initialized logger ============
INFO - 11/19/25 13:28:43 - 0:00:00 - batch_size: 32
                                     command: python cgshop.py --exp_id "yob6r925t3"
                                     cpu: True
                                     dump_path: checkpoint/debug/yob6r925t3
                                     exp_id: yob6r925t3
                                     exp_name: debug
                                     gen_batch_size: 10
                                     learning_rate: 0.0005
                                     max_epochs: 10
                                     max_output_length: 160
                                     max_steps: 200
                                     n_embd: 64
                                     n_embd2: 32
                                     n_head: 8
                                     n_layer: 2
                                     n_tokens: 100
                                     sample_only: 500
                                     temperature: 1.0
                                     top_k: -1
                                     type: transformer
                                     weight_decay: 0.01
INFO - 11/19/25 13:28:43 - 0:00:00 - The experiment will be stored in checkpoint/debug/yob6r925t3
                                     
INFO - 11/19/25 13:28:43 - 0:00:00 - Running command: python cgshop.py

INFO - 11/19/25 13:28:48 - 0:00:05 - Created checkpoint/debug/yob6r925t3/temp.txt and training tokenizer...
INFO - 11/19/25 13:28:48 - 0:00:05 - Directory 'checkpoint/debug/yob6r925t3/tokenizer_data' created.
INFO - 11/19/25 13:28:48 - 0:00:05 - File 'checkpoint/debug/yob6r925t3/temp.txt' has been deleted.
INFO - 11/19/25 13:28:48 - 0:00:05 - 0 / 20
INFO - 11/19/25 13:28:48 - 0:00:05 - initializing at generation: 1
INFO - 11/19/25 13:28:48 - 0:00:05 - number of examples in the dataset: 20
INFO - 11/19/25 13:28:48 - 0:00:05 - max word length: 35
INFO - 11/19/25 13:28:48 - 0:00:05 - number of unique characters in the vocabulary: 93
INFO - 11/19/25 13:28:48 - 0:00:05 - vocabulary:
INFO - 11/19/25 13:28:48 - 0:00:05 - ['V0', 'V1', 'V2', 'V3', 'V4', 'V5', 'V6', 'V7', 'V8', 'V9', 'V10', 'V11', 'V12', 'V13', 'V14', 'V15', 'V16', 'V17', 'V18', 'V19', 'V20', 'V21', 'V22', 'V23', 'V24', 'V25', 'V26', 'V27', 'V28', 'V29', 'V30', 'V31', 'V32', 'V33', 'V34', 'V35', 'V36', 'V37', 'V39', 'V40', 'V42', 'V43', 'V44', 'V45', 'V46', 'V47', 'V48', 'V49', 'V50', 'V51', 'V52', 'V53', 'V55', 'V56', 'V57', 'V58', 'V59', 'V60', 'V63', 'V65', 'V66', 'V67', 'V68', 'V69', 'V70', 'V71', 'V73', 'V74', 'V75', 'V76', 'V77', 'V78', 'V79', 'V80', 'V81', 'V82', 'V83', 'V84', 'V85', 'V86', 'V87', 'V88', 'V89', 'V90', 'V91', 'V92', 'V93', 'V94', 'V95', 'V96', 'V97', 'V98', 'V99']
INFO - 11/19/25 13:28:48 - 0:00:05 - split up the dataset into 18 training examples and 2 test examples
INFO - 11/19/25 13:28:48 - 0:00:05 - dataset determined that: vocab_size=101, block_size=161
INFO - 11/19/25 13:28:48 - 0:00:05 - model #params: 123328
INFO - 11/19/25 13:28:48 - 0:00:05 - ============ Start of generation 1 ============
INFO - 11/19/25 13:28:48 - 0:00:05 - cuda Memory allocated:  0.00MB, cuda reserved: 0.00MB
INFO - 11/19/25 13:28:48 - 0:00:05 - training
INFO - 11/19/25 13:28:48 - 0:00:05 - step 0/200 | loss 4.8588 | step time 42.91ms
INFO - 11/19/25 13:28:50 - 0:00:07 - step 100/200 | loss 1.7994 | step time 18.71ms
INFO - 11/19/25 13:28:52 - 0:00:09 - Memory allocated:  0.00MB, reserved: 0.00MB
INFO - 11/19/25 13:28:52 - 0:00:09 - generating
