========== solve_from_coreset (findCenterGlobal2 + coreset weighted sum) ==========
Time: 2025-12-29 11:23:17
benchmark_dir = ./data/benchmark_instances
coreset_dir   = ./data/coreset_instance
result_csv    = ./result.csv

-------------------------------------------------------
[random_instance_110_15_3_coreset.json]
instance_uid                 = data\benchmark_instances\random_instance_110_15_3
center_dist_on_full          = 9.000000
coreset_dist_sum_unweighted  = 9.000000
coreset_dist_sum_weighted    = 9.000000
coreset_weights_sum          = 3.000000
findCenterGlobal2_time       = 0.006s
coreset_computeDistSum_time  = 0.001s
full_computeDistanceSum_time = 0.001s
best_cost(result.csv)        = 7.000000
diff(ours - best)            = 2.000000
improvement(best - ours)     = -2.000000
ratio(ours / best)           = 1.285714
comparison                   = worse_than_result_csv
-------------------------------------------------------
-------------------------------------------------------
[random_instance_111_15_2_coreset.json]
instance_uid                 = data\benchmark_instances\random_instance_111_15_2
center_dist_on_full          = 6.000000
coreset_dist_sum_unweighted  = 6.000000
coreset_dist_sum_weighted    = 6.000000
coreset_weights_sum          = 2.000000
findCenterGlobal2_time       = 0.003s
coreset_computeDistSum_time  = 0.001s
full_computeDistanceSum_time = 0.001s
best_cost(result.csv)        = 5.000000
diff(ours - best)            = 1.000000
improvement(best - ours)     = -1.000000
ratio(ours / best)           = 1.200000
comparison                   = worse_than_result_csv
-------------------------------------------------------
-------------------------------------------------------
[random_instance_130_15_5_coreset.json]
instance_uid                 = data\benchmark_instances\random_instance_130_15_5
center_dist_on_full          = 9.000000
coreset_dist_sum_unweighted  = 7.000000
coreset_dist_sum_weighted    = 8.000000
coreset_weights_sum          = 5.000000
findCenterGlobal2_time       = 0.005s
coreset_computeDistSum_time  = 0.001s
full_computeDistanceSum_time = 0.001s
best_cost(result.csv)        = 9.000000
diff(ours - best)            = 0.000000
improvement(best - ours)     = 0.000000
ratio(ours / best)           = 1.000000
comparison                   = equal_to_result_csv
-------------------------------------------------------
-------------------------------------------------------
[random_instance_132_80_20_coreset.json]
instance_uid                 = data\benchmark_instances\random_instance_132_80_20
center_dist_on_full          = 93.000000
coreset_dist_sum_unweighted  = 23.000000
coreset_dist_sum_weighted    = 64.000000
coreset_weights_sum          = 20.000000
findCenterGlobal2_time       = 0.145s
coreset_computeDistSum_time  = 0.017s
full_computeDistanceSum_time = 0.066s
best_cost(result.csv)        = 87.000000
diff(ours - best)            = 6.000000
improvement(best - ours)     = -6.000000
ratio(ours / best)           = 1.068966
comparison                   = worse_than_result_csv
-------------------------------------------------------
-------------------------------------------------------
[random_instance_136_320_2_coreset.json]
instance_uid                 = data\benchmark_instances\random_instance_136_320_2
center_dist_on_full          = 6.000000
coreset_dist_sum_unweighted  = 6.000000
coreset_dist_sum_weighted    = 6.000000
coreset_weights_sum          = 2.000000
findCenterGlobal2_time       = 0.051s
coreset_computeDistSum_time  = 0.020s
full_computeDistanceSum_time = 0.021s
best_cost(result.csv)        = 6.000000
diff(ours - best)            = 0.000000
improvement(best - ours)     = 0.000000
ratio(ours / best)           = 1.000000
comparison                   = equal_to_result_csv
-------------------------------------------------------
-------------------------------------------------------
[random_instance_137_40_10_coreset.json]
instance_uid                 = data\benchmark_instances\random_instance_137_40_10
center_dist_on_full          = 41.000000
coreset_dist_sum_unweighted  = 19.000000
coreset_dist_sum_weighted    = 35.000000
coreset_weights_sum          = 10.000000
findCenterGlobal2_time       = 0.048s
coreset_computeDistSum_time  = 0.006s
full_computeDistanceSum_time = 0.014s
best_cost(result.csv)        = 34.000000
diff(ours - best)            = 7.000000
improvement(best - ours)     = -7.000000
ratio(ours / best)           = 1.205882
comparison                   = worse_than_result_csv
-------------------------------------------------------
-------------------------------------------------------
[random_instance_160_320_20_coreset.json]
instance_uid                 = data\benchmark_instances\random_instance_160_320_20
center_dist_on_full          = 89.000000
coreset_dist_sum_unweighted  = 14.000000
coreset_dist_sum_weighted    = 63.000000
coreset_weights_sum          = 20.000000
findCenterGlobal2_time       = 0.246s
coreset_computeDistSum_time  = 0.044s
full_computeDistanceSum_time = 0.258s
best_cost(result.csv)        = 80.000000
diff(ours - best)            = 9.000000
improvement(best - ours)     = -9.000000
ratio(ours / best)           = 1.112500
comparison                   = worse_than_result_csv
-------------------------------------------------------
-------------------------------------------------------
[random_instance_168_15_2_coreset.json]
instance_uid                 = data\benchmark_instances\random_instance_168_15_2
center_dist_on_full          = 1.000000
coreset_dist_sum_unweighted  = 1.000000
coreset_dist_sum_weighted    = 1.000000
coreset_weights_sum          = 2.000000
findCenterGlobal2_time       = 0.001s
coreset_computeDistSum_time  = 0.000s
full_computeDistanceSum_time = 0.000s
best_cost(result.csv)        = 1.000000
diff(ours - best)            = 0.000000
improvement(best - ours)     = 0.000000
ratio(ours / best)           = 1.000000
comparison                   = equal_to_result_csv
-------------------------------------------------------
-------------------------------------------------------
[random_instance_168_80_5_coreset.json]
instance_uid                 = data\benchmark_instances\random_instance_168_80_5
center_dist_on_full          = 21.000000
coreset_dist_sum_unweighted  = 11.000000
coreset_dist_sum_weighted    = 17.000000
coreset_weights_sum          = 5.000000
findCenterGlobal2_time       = 0.032s
coreset_computeDistSum_time  = 0.008s
full_computeDistanceSum_time = 0.014s
best_cost(result.csv)        = 19.000000
diff(ours - best)            = 2.000000
improvement(best - ours)     = -2.000000
ratio(ours / best)           = 1.105263
comparison                   = worse_than_result_csv
-------------------------------------------------------
-------------------------------------------------------
[random_instance_16_15_2_coreset.json]
instance_uid                 = data\benchmark_instances\random_instance_16_15_2
center_dist_on_full          = 3.000000
coreset_dist_sum_unweighted  = 3.000000
coreset_dist_sum_weighted    = 3.000000
coreset_weights_sum          = 2.000000
findCenterGlobal2_time       = 0.002s
coreset_computeDistSum_time  = 0.000s
full_computeDistanceSum_time = 0.000s
best_cost(result.csv)        = 3.000000
diff(ours - best)            = 0.000000
improvement(best - ours)     = 0.000000
ratio(ours / best)           = 1.000000
comparison                   = equal_to_result_csv
-------------------------------------------------------
-------------------------------------------------------
[random_instance_188_40_10_coreset.json]
instance_uid                 = data\benchmark_instances\random_instance_188_40_10
center_dist_on_full          = 44.000000
coreset_dist_sum_unweighted  = 24.000000
coreset_dist_sum_weighted    = 40.000000
coreset_weights_sum          = 10.000000
findCenterGlobal2_time       = 0.063s
coreset_computeDistSum_time  = 0.007s
full_computeDistanceSum_time = 0.013s
best_cost(result.csv)        = 41.000000
diff(ours - best)            = 3.000000
improvement(best - ours)     = -3.000000
ratio(ours / best)           = 1.073171
comparison                   = worse_than_result_csv
-------------------------------------------------------
-------------------------------------------------------
[random_instance_192_15_2_coreset.json]
instance_uid                 = data\benchmark_instances\random_instance_192_15_2
center_dist_on_full          = 3.000000
coreset_dist_sum_unweighted  = 3.000000
coreset_dist_sum_weighted    = 3.000000
coreset_weights_sum          = 2.000000
findCenterGlobal2_time       = 0.001s
coreset_computeDistSum_time  = 0.000s
full_computeDistanceSum_time = 0.000s
best_cost(result.csv)        = 3.000000
diff(ours - best)            = 0.000000
improvement(best - ours)     = 0.000000
ratio(ours / best)           = 1.000000
comparison                   = equal_to_result_csv
-------------------------------------------------------
-------------------------------------------------------
[random_instance_197_320_10_coreset.json]
instance_uid                 = data\benchmark_instances\random_instance_197_320_10
center_dist_on_full          = 64.000000
coreset_dist_sum_unweighted  = 29.000000
coreset_dist_sum_weighted    = 53.000000
coreset_weights_sum          = 10.000000
findCenterGlobal2_time       = 0.780s
coreset_computeDistSum_time  = 0.100s
full_computeDistanceSum_time = 0.217s
best_cost(result.csv)        = 60.000000
diff(ours - best)            = 4.000000
improvement(best - ours)     = -4.000000
ratio(ours / best)           = 1.066667
comparison                   = worse_than_result_csv
-------------------------------------------------------
-------------------------------------------------------
[random_instance_204_80_20_coreset.json]
instance_uid                 = data\benchmark_instances\random_instance_204_80_20
center_dist_on_full          = 82.000000
coreset_dist_sum_unweighted  = 18.000000
coreset_dist_sum_weighted    = 41.000000
coreset_weights_sum          = 20.000000
findCenterGlobal2_time       = 0.082s
coreset_computeDistSum_time  = 0.013s
full_computeDistanceSum_time = 0.056s
best_cost(result.csv)        = 70.000000
diff(ours - best)            = 12.000000
improvement(best - ours)     = -12.000000
ratio(ours / best)           = 1.171429
comparison                   = worse_than_result_csv
-------------------------------------------------------
-------------------------------------------------------
[random_instance_213_80_20_coreset.json]
instance_uid                 = data\benchmark_instances\random_instance_213_80_20
center_dist_on_full          = 106.000000
coreset_dist_sum_unweighted  = 35.000000
coreset_dist_sum_weighted    = 95.000000
coreset_weights_sum          = 20.000000
findCenterGlobal2_time       = 0.273s
coreset_computeDistSum_time  = 0.024s
full_computeDistanceSum_time = 0.075s
best_cost(result.csv)        = 94.000000
diff(ours - best)            = 12.000000
improvement(best - ours)     = -12.000000
ratio(ours / best)           = 1.127660
comparison                   = worse_than_result_csv
-------------------------------------------------------
-------------------------------------------------------
[random_instance_224_15_20_coreset.json]
instance_uid                 = data\benchmark_instances\random_instance_224_15_20
center_dist_on_full          = 58.000000
coreset_dist_sum_unweighted  = 13.000000
coreset_dist_sum_weighted    = 39.000000
coreset_weights_sum          = 20.000000
findCenterGlobal2_time       = 0.011s
coreset_computeDistSum_time  = 0.001s
full_computeDistanceSum_time = 0.006s
best_cost(result.csv)        = 51.000000
diff(ours - best)            = 7.000000
improvement(best - ours)     = -7.000000
ratio(ours / best)           = 1.137255
comparison                   = worse_than_result_csv
-------------------------------------------------------
-------------------------------------------------------
[random_instance_225_160_3_coreset.json]
instance_uid                 = data\benchmark_instances\random_instance_225_160_3
center_dist_on_full          = 11.000000
coreset_dist_sum_unweighted  = 11.000000
coreset_dist_sum_weighted    = 11.000000
coreset_weights_sum          = 3.000000
findCenterGlobal2_time       = 0.070s
coreset_computeDistSum_time  = 0.017s
full_computeDistanceSum_time = 0.016s
best_cost(result.csv)        = 11.000000
diff(ours - best)            = 0.000000
improvement(best - ours)     = 0.000000
ratio(ours / best)           = 1.000000
comparison                   = equal_to_result_csv
-------------------------------------------------------
-------------------------------------------------------
[random_instance_271_15_20_coreset.json]
instance_uid                 = data\benchmark_instances\random_instance_271_15_20
center_dist_on_full          = 60.000000
coreset_dist_sum_unweighted  = 10.000000
coreset_dist_sum_weighted    = 42.000000
coreset_weights_sum          = 20.000000
findCenterGlobal2_time       = 0.006s
coreset_computeDistSum_time  = 0.001s
full_computeDistanceSum_time = 0.006s
best_cost(result.csv)        = 50.000000
diff(ours - best)            = 10.000000
improvement(best - ours)     = -10.000000
ratio(ours / best)           = 1.200000
comparison                   = worse_than_result_csv
-------------------------------------------------------
-------------------------------------------------------
[random_instance_286_15_5_coreset.json]
instance_uid                 = data\benchmark_instances\random_instance_286_15_5
center_dist_on_full          = 15.000000
coreset_dist_sum_unweighted  = 12.000000
coreset_dist_sum_weighted    = 15.000000
coreset_weights_sum          = 5.000000
findCenterGlobal2_time       = 0.008s
coreset_computeDistSum_time  = 0.001s
full_computeDistanceSum_time = 0.002s
best_cost(result.csv)        = 14.000000
diff(ours - best)            = 1.000000
improvement(best - ours)     = -1.000000
ratio(ours / best)           = 1.071429
comparison                   = worse_than_result_csv
-------------------------------------------------------
-------------------------------------------------------
[random_instance_292_15_20_coreset.json]
instance_uid                 = data\benchmark_instances\random_instance_292_15_20
center_dist_on_full          = 54.000000
coreset_dist_sum_unweighted  = 17.000000
coreset_dist_sum_weighted    = 41.000000
coreset_weights_sum          = 20.000000
findCenterGlobal2_time       = 0.018s
coreset_computeDistSum_time  = 0.002s
full_computeDistanceSum_time = 0.006s
best_cost(result.csv)        = 51.000000
diff(ours - best)            = 3.000000
improvement(best - ours)     = -3.000000
ratio(ours / best)           = 1.058824
comparison                   = worse_than_result_csv
-------------------------------------------------------
-------------------------------------------------------
[random_instance_299_40_10_coreset.json]
instance_uid                 = data\benchmark_instances\random_instance_299_40_10
center_dist_on_full          = 37.000000
coreset_dist_sum_unweighted  = 13.000000
coreset_dist_sum_weighted    = 27.000000
coreset_weights_sum          = 10.000000
findCenterGlobal2_time       = 0.031s
coreset_computeDistSum_time  = 0.004s
full_computeDistanceSum_time = 0.012s
best_cost(result.csv)        = 30.000000
diff(ours - best)            = 7.000000
improvement(best - ours)     = -7.000000
ratio(ours / best)           = 1.233333
comparison                   = worse_than_result_csv
-------------------------------------------------------
-------------------------------------------------------
[random_instance_307_15_20_coreset.json]
instance_uid                 = data\benchmark_instances\random_instance_307_15_20
center_dist_on_full          = 70.000000
coreset_dist_sum_unweighted  = 13.000000
coreset_dist_sum_weighted    = 48.000000
coreset_weights_sum          = 20.000000
findCenterGlobal2_time       = 0.020s
coreset_computeDistSum_time  = 0.001s
full_computeDistanceSum_time = 0.007s
best_cost(result.csv)        = 57.000000
diff(ours - best)            = 13.000000
improvement(best - ours)     = -13.000000
ratio(ours / best)           = 1.228070
comparison                   = worse_than_result_csv
-------------------------------------------------------
-------------------------------------------------------
[random_instance_312_80_2_coreset.json]
instance_uid                 = data\benchmark_instances\random_instance_312_80_2
center_dist_on_full          = 6.000000
coreset_dist_sum_unweighted  = 6.000000
coreset_dist_sum_weighted    = 6.000000
coreset_weights_sum          = 2.000000
findCenterGlobal2_time       = 0.012s
coreset_computeDistSum_time  = 0.004s
full_computeDistanceSum_time = 0.004s
best_cost(result.csv)        = 6.000000
diff(ours - best)            = 0.000000
improvement(best - ours)     = 0.000000
ratio(ours / best)           = 1.000000
comparison                   = equal_to_result_csv
-------------------------------------------------------
-------------------------------------------------------
[random_instance_337_40_2_coreset.json]
instance_uid                 = data\benchmark_instances\random_instance_337_40_2
center_dist_on_full          = 4.000000
coreset_dist_sum_unweighted  = 4.000000
coreset_dist_sum_weighted    = 4.000000
coreset_weights_sum          = 2.000000
findCenterGlobal2_time       = 0.004s
coreset_computeDistSum_time  = 0.002s
full_computeDistanceSum_time = 0.001s
best_cost(result.csv)        = 4.000000
diff(ours - best)            = 0.000000
improvement(best - ours)     = 0.000000
ratio(ours / best)           = 1.000000
comparison                   = equal_to_result_csv
-------------------------------------------------------
-------------------------------------------------------
[random_instance_34_320_2_coreset.json]
instance_uid                 = data\benchmark_instances\random_instance_34_320_2
center_dist_on_full          = 9.000000
coreset_dist_sum_unweighted  = 9.000000
coreset_dist_sum_weighted    = 9.000000
coreset_weights_sum          = 2.000000
findCenterGlobal2_time       = 0.121s
coreset_computeDistSum_time  = 0.028s
full_computeDistanceSum_time = 0.027s
best_cost(result.csv)        = 8.000000
diff(ours - best)            = 1.000000
improvement(best - ours)     = -1.000000
ratio(ours / best)           = 1.125000
comparison                   = worse_than_result_csv
-------------------------------------------------------
-------------------------------------------------------
[random_instance_351_320_5_coreset.json]
instance_uid                 = data\benchmark_instances\random_instance_351_320_5
center_dist_on_full          = 30.000000
coreset_dist_sum_unweighted  = 15.000000
coreset_dist_sum_weighted    = 23.000000
coreset_weights_sum          = 5.000000
findCenterGlobal2_time       = 0.239s
coreset_computeDistSum_time  = 0.050s
full_computeDistanceSum_time = 0.104s
best_cost(result.csv)        = 28.000000
diff(ours - best)            = 2.000000
improvement(best - ours)     = -2.000000
ratio(ours / best)           = 1.071429
comparison                   = worse_than_result_csv
-------------------------------------------------------
-------------------------------------------------------
[random_instance_353_80_10_coreset.json]
instance_uid                 = data\benchmark_instances\random_instance_353_80_10
center_dist_on_full          = 47.000000
coreset_dist_sum_unweighted  = 21.000000
coreset_dist_sum_weighted    = 40.000000
coreset_weights_sum          = 10.000000
findCenterGlobal2_time       = 0.105s
coreset_computeDistSum_time  = 0.014s
full_computeDistanceSum_time = 0.031s
best_cost(result.csv)        = 42.000000
diff(ours - best)            = 5.000000
improvement(best - ours)     = -5.000000
ratio(ours / best)           = 1.119048
comparison                   = worse_than_result_csv
-------------------------------------------------------
-------------------------------------------------------
[random_instance_359_320_2_coreset.json]
instance_uid                 = data\benchmark_instances\random_instance_359_320_2
center_dist_on_full          = 11.000000
coreset_dist_sum_unweighted  = 11.000000
coreset_dist_sum_weighted    = 11.000000
coreset_weights_sum          = 2.000000
findCenterGlobal2_time       = 0.087s
coreset_computeDistSum_time  = 0.036s
full_computeDistanceSum_time = 0.038s
best_cost(result.csv)        = 11.000000
diff(ours - best)            = 0.000000
improvement(best - ours)     = 0.000000
ratio(ours / best)           = 1.000000
comparison                   = equal_to_result_csv
-------------------------------------------------------
-------------------------------------------------------
[random_instance_36_80_3_coreset.json]
instance_uid                 = data\benchmark_instances\random_instance_36_80_3
center_dist_on_full          = 13.000000
coreset_dist_sum_unweighted  = 13.000000
coreset_dist_sum_weighted    = 13.000000
coreset_weights_sum          = 3.000000
findCenterGlobal2_time       = 0.047s
coreset_computeDistSum_time  = 0.010s
full_computeDistanceSum_time = 0.014s
best_cost(result.csv)        = 13.000000
diff(ours - best)            = 0.000000
improvement(best - ours)     = 0.000000
ratio(ours / best)           = 1.000000
comparison                   = equal_to_result_csv
-------------------------------------------------------
-------------------------------------------------------
[random_instance_397_40_3_coreset.json]
instance_uid                 = data\benchmark_instances\random_instance_397_40_3
center_dist_on_full          = 10.000000
coreset_dist_sum_unweighted  = 10.000000
coreset_dist_sum_weighted    = 10.000000
coreset_weights_sum          = 3.000000
findCenterGlobal2_time       = 0.016s
coreset_computeDistSum_time  = 0.003s
full_computeDistanceSum_time = 0.003s
best_cost(result.csv)        = 10.000000
diff(ours - best)            = 0.000000
improvement(best - ours)     = 0.000000
ratio(ours / best)           = 1.000000
comparison                   = equal_to_result_csv
-------------------------------------------------------
-------------------------------------------------------
[random_instance_402_40_20_coreset.json]
instance_uid                 = data\benchmark_instances\random_instance_402_40_20
center_dist_on_full          = 85.000000
coreset_dist_sum_unweighted  = 34.000000
coreset_dist_sum_weighted    = 78.000000
coreset_weights_sum          = 20.000000
findCenterGlobal2_time       = 0.134s
coreset_computeDistSum_time  = 0.012s
full_computeDistanceSum_time = 0.031s
best_cost(result.csv)        = 81.000000
diff(ours - best)            = 4.000000
improvement(best - ours)     = -4.000000
ratio(ours / best)           = 1.049383
comparison                   = worse_than_result_csv
-------------------------------------------------------
-------------------------------------------------------
[random_instance_402_80_20_coreset.json]
instance_uid                 = data\benchmark_instances\random_instance_402_80_20
center_dist_on_full          = 107.000000
coreset_dist_sum_unweighted  = 37.000000
coreset_dist_sum_weighted    = 85.000000
coreset_weights_sum          = 20.000000
findCenterGlobal2_time       = 0.309s
coreset_computeDistSum_time  = 0.027s
full_computeDistanceSum_time = 0.109s
best_cost(result.csv)        = 100.000000
diff(ours - best)            = 7.000000
improvement(best - ours)     = -7.000000
ratio(ours / best)           = 1.070000
comparison                   = worse_than_result_csv
-------------------------------------------------------
-------------------------------------------------------
[random_instance_410_160_5_coreset.json]
instance_uid                 = data\benchmark_instances\random_instance_410_160_5
center_dist_on_full          = 23.000000
coreset_dist_sum_unweighted  = 23.000000
coreset_dist_sum_weighted    = 23.000000
coreset_weights_sum          = 5.000000
findCenterGlobal2_time       = 0.230s
coreset_computeDistSum_time  = 0.033s
full_computeDistanceSum_time = 0.032s
best_cost(result.csv)        = 21.000000
diff(ours - best)            = 2.000000
improvement(best - ours)     = -2.000000
ratio(ours / best)           = 1.095238
comparison                   = worse_than_result_csv
-------------------------------------------------------
-------------------------------------------------------
[random_instance_420_40_2_coreset.json]
instance_uid                 = data\benchmark_instances\random_instance_420_40_2
center_dist_on_full          = 7.000000
coreset_dist_sum_unweighted  = 7.000000
coreset_dist_sum_weighted    = 7.000000
coreset_weights_sum          = 2.000000
findCenterGlobal2_time       = 0.007s
coreset_computeDistSum_time  = 0.003s
full_computeDistanceSum_time = 0.002s
best_cost(result.csv)        = 7.000000
diff(ours - best)            = 0.000000
improvement(best - ours)     = 0.000000
ratio(ours / best)           = 1.000000
comparison                   = equal_to_result_csv
-------------------------------------------------------
-------------------------------------------------------
[random_instance_422_320_10_coreset.json]
instance_uid                 = data\benchmark_instances\random_instance_422_320_10
center_dist_on_full          = 55.000000
coreset_dist_sum_unweighted  = 32.000000
coreset_dist_sum_weighted    = 49.000000
coreset_weights_sum          = 10.000000
findCenterGlobal2_time       = 0.941s
coreset_computeDistSum_time  = 0.096s
full_computeDistanceSum_time = 0.163s
best_cost(result.csv)        = 53.000000
diff(ours - best)            = 2.000000
improvement(best - ours)     = -2.000000
ratio(ours / best)           = 1.037736
comparison                   = worse_than_result_csv
-------------------------------------------------------
-------------------------------------------------------
[random_instance_42_15_2_coreset.json]
instance_uid                 = data\benchmark_instances\random_instance_42_15_2
center_dist_on_full          = 3.000000
coreset_dist_sum_unweighted  = 3.000000
coreset_dist_sum_weighted    = 3.000000
coreset_weights_sum          = 2.000000
findCenterGlobal2_time       = 0.002s
coreset_computeDistSum_time  = 0.000s
full_computeDistanceSum_time = 0.000s
best_cost(result.csv)        = 3.000000
diff(ours - best)            = 0.000000
improvement(best - ours)     = 0.000000
ratio(ours / best)           = 1.000000
comparison                   = equal_to_result_csv
-------------------------------------------------------
-------------------------------------------------------
[random_instance_440_160_20_coreset.json]
instance_uid                 = data\benchmark_instances\random_instance_440_160_20
center_dist_on_full          = 125.000000
coreset_dist_sum_unweighted  = 34.000000
coreset_dist_sum_weighted    = 95.000000
coreset_weights_sum          = 20.000000
findCenterGlobal2_time       = 0.478s
coreset_computeDistSum_time  = 0.049s
full_computeDistanceSum_time = 0.178s
best_cost(result.csv)        = 110.000000
diff(ours - best)            = 15.000000
improvement(best - ours)     = -15.000000
ratio(ours / best)           = 1.136364
comparison                   = worse_than_result_csv
-------------------------------------------------------
-------------------------------------------------------
[random_instance_444_15_10_coreset.json]
instance_uid                 = data\benchmark_instances\random_instance_444_15_10
center_dist_on_full          = 25.000000
coreset_dist_sum_unweighted  = 9.000000
coreset_dist_sum_weighted    = 21.000000
coreset_weights_sum          = 10.000000
findCenterGlobal2_time       = 0.007s
coreset_computeDistSum_time  = 0.001s
full_computeDistanceSum_time = 0.003s
best_cost(result.csv)        = 24.000000
diff(ours - best)            = 1.000000
improvement(best - ours)     = -1.000000
ratio(ours / best)           = 1.041667
comparison                   = worse_than_result_csv
-------------------------------------------------------
-------------------------------------------------------
[random_instance_453_320_5_coreset.json]
instance_uid                 = data\benchmark_instances\random_instance_453_320_5
center_dist_on_full          = 28.000000
coreset_dist_sum_unweighted  = 28.000000
coreset_dist_sum_weighted    = 28.000000
coreset_weights_sum          = 5.000000
findCenterGlobal2_time       = 0.714s
coreset_computeDistSum_time  = 0.094s
full_computeDistanceSum_time = 0.096s
best_cost(result.csv)        = 28.000000
diff(ours - best)            = 0.000000
improvement(best - ours)     = 0.000000
ratio(ours / best)           = 1.000000
comparison                   = equal_to_result_csv
-------------------------------------------------------
-------------------------------------------------------
[random_instance_459_320_3_coreset.json]
instance_uid                 = data\benchmark_instances\random_instance_459_320_3
center_dist_on_full          = 14.000000
coreset_dist_sum_unweighted  = 14.000000
coreset_dist_sum_weighted    = 14.000000
coreset_weights_sum          = 3.000000
findCenterGlobal2_time       = 0.224s
coreset_computeDistSum_time  = 0.050s
full_computeDistanceSum_time = 0.048s
best_cost(result.csv)        = 14.000000
diff(ours - best)            = 0.000000
improvement(best - ours)     = 0.000000
ratio(ours / best)           = 1.000000
comparison                   = equal_to_result_csv
-------------------------------------------------------
-------------------------------------------------------
[random_instance_476_80_3_coreset.json]
instance_uid                 = data\benchmark_instances\random_instance_476_80_3
center_dist_on_full          = 12.000000
coreset_dist_sum_unweighted  = 12.000000
coreset_dist_sum_weighted    = 12.000000
coreset_weights_sum          = 3.000000
findCenterGlobal2_time       = 0.033s
coreset_computeDistSum_time  = 0.008s
full_computeDistanceSum_time = 0.030s
best_cost(result.csv)        = 12.000000
diff(ours - best)            = 0.000000
improvement(best - ours)     = 0.000000
ratio(ours / best)           = 1.000000
comparison                   = equal_to_result_csv
-------------------------------------------------------
-------------------------------------------------------
[random_instance_479_320_20_coreset.json]
instance_uid                 = data\benchmark_instances\random_instance_479_320_20
center_dist_on_full          = 166.000000
coreset_dist_sum_unweighted  = 61.000000
coreset_dist_sum_weighted    = 141.000000
coreset_weights_sum          = 20.000000
findCenterGlobal2_time       = 2.540s
coreset_computeDistSum_time  = 0.185s
full_computeDistanceSum_time = 0.504s
best_cost(result.csv)        = 154.000000
diff(ours - best)            = 12.000000
improvement(best - ours)     = -12.000000
ratio(ours / best)           = 1.077922
comparison                   = worse_than_result_csv
-------------------------------------------------------
-------------------------------------------------------
[random_instance_482_80_2_coreset.json]
instance_uid                 = data\benchmark_instances\random_instance_482_80_2
center_dist_on_full          = 8.000000
coreset_dist_sum_unweighted  = 8.000000
coreset_dist_sum_weighted    = 8.000000
coreset_weights_sum          = 2.000000
findCenterGlobal2_time       = 0.017s
coreset_computeDistSum_time  = 0.006s
full_computeDistanceSum_time = 0.006s
best_cost(result.csv)        = 8.000000
diff(ours - best)            = 0.000000
improvement(best - ours)     = 0.000000
ratio(ours / best)           = 1.000000
comparison                   = equal_to_result_csv
-------------------------------------------------------
-------------------------------------------------------
[random_instance_487_320_3_coreset.json]
instance_uid                 = data\benchmark_instances\random_instance_487_320_3
center_dist_on_full          = 16.000000
coreset_dist_sum_unweighted  = 9.000000
coreset_dist_sum_weighted    = 14.000000
coreset_weights_sum          = 3.000000
findCenterGlobal2_time       = 0.081s
coreset_computeDistSum_time  = 0.030s
full_computeDistanceSum_time = 0.054s
best_cost(result.csv)        = 15.000000
diff(ours - best)            = 1.000000
improvement(best - ours)     = -1.000000
ratio(ours / best)           = 1.066667
comparison                   = worse_than_result_csv
-------------------------------------------------------
-------------------------------------------------------
[random_instance_493_160_5_coreset.json]
instance_uid                 = data\benchmark_instances\random_instance_493_160_5
center_dist_on_full          = 24.000000
coreset_dist_sum_unweighted  = 18.000000
coreset_dist_sum_weighted    = 21.000000
coreset_weights_sum          = 5.000000
findCenterGlobal2_time       = 0.179s
coreset_computeDistSum_time  = 0.027s
full_computeDistanceSum_time = 0.036s
best_cost(result.csv)        = 24.000000
diff(ours - best)            = 0.000000
improvement(best - ours)     = 0.000000
ratio(ours / best)           = 1.000000
comparison                   = equal_to_result_csv
-------------------------------------------------------
-------------------------------------------------------
[random_instance_49_15_2_coreset.json]
instance_uid                 = data\benchmark_instances\random_instance_49_15_2
center_dist_on_full          = 4.000000
coreset_dist_sum_unweighted  = 4.000000
coreset_dist_sum_weighted    = 4.000000
coreset_weights_sum          = 2.000000
findCenterGlobal2_time       = 0.002s
coreset_computeDistSum_time  = 0.001s
full_computeDistanceSum_time = 0.000s
best_cost(result.csv)        = 4.000000
diff(ours - best)            = 0.000000
improvement(best - ours)     = 0.000000
ratio(ours / best)           = 1.000000
comparison                   = equal_to_result_csv
-------------------------------------------------------
-------------------------------------------------------
[random_instance_4_40_2_coreset.json]
instance_uid                 = data\benchmark_instances\random_instance_4_40_2
center_dist_on_full          = 6.000000
coreset_dist_sum_unweighted  = 6.000000
coreset_dist_sum_weighted    = 6.000000
coreset_weights_sum          = 2.000000
findCenterGlobal2_time       = 0.006s
coreset_computeDistSum_time  = 0.002s
full_computeDistanceSum_time = 0.002s
best_cost(result.csv)        = 6.000000
diff(ours - best)            = 0.000000
improvement(best - ours)     = 0.000000
ratio(ours / best)           = 1.000000
comparison                   = equal_to_result_csv
-------------------------------------------------------
-------------------------------------------------------
[random_instance_51_80_3_coreset.json]
instance_uid                 = data\benchmark_instances\random_instance_51_80_3
center_dist_on_full          = 16.000000
coreset_dist_sum_unweighted  = 16.000000
coreset_dist_sum_weighted    = 16.000000
coreset_weights_sum          = 3.000000
findCenterGlobal2_time       = 0.041s
coreset_computeDistSum_time  = 0.009s
full_computeDistanceSum_time = 0.009s
best_cost(result.csv)        = 16.000000
diff(ours - best)            = 0.000000
improvement(best - ours)     = 0.000000
ratio(ours / best)           = 1.000000
comparison                   = equal_to_result_csv
-------------------------------------------------------
-------------------------------------------------------
[random_instance_543_40_5_coreset.json]
instance_uid                 = data\benchmark_instances\random_instance_543_40_5
center_dist_on_full          = 17.000000
coreset_dist_sum_unweighted  = 8.000000
coreset_dist_sum_weighted    = 12.000000
coreset_weights_sum          = 5.000000
findCenterGlobal2_time       = 0.015s
coreset_computeDistSum_time  = 0.003s
full_computeDistanceSum_time = 0.006s
best_cost(result.csv)        = 16.000000
diff(ours - best)            = 1.000000
improvement(best - ours)     = -1.000000
ratio(ours / best)           = 1.062500
comparison                   = worse_than_result_csv
-------------------------------------------------------
-------------------------------------------------------
[random_instance_547_40_2_coreset.json]
instance_uid                 = data\benchmark_instances\random_instance_547_40_2
center_dist_on_full          = 5.000000
coreset_dist_sum_unweighted  = 5.000000
coreset_dist_sum_weighted    = 5.000000
coreset_weights_sum          = 2.000000
findCenterGlobal2_time       = 0.005s
coreset_computeDistSum_time  = 0.002s
full_computeDistanceSum_time = 0.002s
best_cost(result.csv)        = 5.000000
diff(ours - best)            = 0.000000
improvement(best - ours)     = 0.000000
ratio(ours / best)           = 1.000000
comparison                   = equal_to_result_csv
-------------------------------------------------------
-------------------------------------------------------
[random_instance_552_320_20_coreset.json]
instance_uid                 = data\benchmark_instances\random_instance_552_320_20
center_dist_on_full          = 149.000000
coreset_dist_sum_unweighted  = 62.000000
coreset_dist_sum_weighted    = 135.000000
coreset_weights_sum          = 20.000000
findCenterGlobal2_time       = 3.231s
coreset_computeDistSum_time  = 0.205s
full_computeDistanceSum_time = 0.484s
best_cost(result.csv)        = 141.000000
diff(ours - best)            = 8.000000
improvement(best - ours)     = -8.000000
ratio(ours / best)           = 1.056738
comparison                   = worse_than_result_csv
-------------------------------------------------------
-------------------------------------------------------
[random_instance_579_80_3_coreset.json]
instance_uid                 = data\benchmark_instances\random_instance_579_80_3
center_dist_on_full          = 8.000000
coreset_dist_sum_unweighted  = 4.000000
coreset_dist_sum_weighted    = 6.000000
coreset_weights_sum          = 3.000000
findCenterGlobal2_time       = 0.009s
coreset_computeDistSum_time  = 0.003s
full_computeDistanceSum_time = 0.006s
best_cost(result.csv)        = 8.000000
diff(ours - best)            = 0.000000
improvement(best - ours)     = 0.000000
ratio(ours / best)           = 1.000000
comparison                   = equal_to_result_csv
-------------------------------------------------------
-------------------------------------------------------
[random_instance_600_320_3_coreset.json]
instance_uid                 = data\benchmark_instances\random_instance_600_320_3
center_dist_on_full          = 10.000000
coreset_dist_sum_unweighted  = 10.000000
coreset_dist_sum_weighted    = 10.000000
coreset_weights_sum          = 3.000000
findCenterGlobal2_time       = 0.144s
coreset_computeDistSum_time  = 0.033s
full_computeDistanceSum_time = 0.031s
best_cost(result.csv)        = 9.000000
diff(ours - best)            = 1.000000
improvement(best - ours)     = -1.000000
ratio(ours / best)           = 1.111111
comparison                   = worse_than_result_csv
-------------------------------------------------------
-------------------------------------------------------
[random_instance_603_320_2_coreset.json]
instance_uid                 = data\benchmark_instances\random_instance_603_320_2
center_dist_on_full          = 7.000000
coreset_dist_sum_unweighted  = 7.000000
coreset_dist_sum_weighted    = 7.000000
coreset_weights_sum          = 2.000000
findCenterGlobal2_time       = 0.060s
coreset_computeDistSum_time  = 0.024s
full_computeDistanceSum_time = 0.051s
best_cost(result.csv)        = 7.000000
diff(ours - best)            = 0.000000
improvement(best - ours)     = 0.000000
ratio(ours / best)           = 1.000000
comparison                   = equal_to_result_csv
-------------------------------------------------------
-------------------------------------------------------
[random_instance_603_40_20_coreset.json]
instance_uid                 = data\benchmark_instances\random_instance_603_40_20
center_dist_on_full          = 92.000000
coreset_dist_sum_unweighted  = 30.000000
coreset_dist_sum_weighted    = 82.000000
coreset_weights_sum          = 20.000000
findCenterGlobal2_time       = 0.111s
coreset_computeDistSum_time  = 0.011s
full_computeDistanceSum_time = 0.034s
best_cost(result.csv)        = 81.000000
diff(ours - best)            = 11.000000
improvement(best - ours)     = -11.000000
ratio(ours / best)           = 1.135802
comparison                   = worse_than_result_csv
-------------------------------------------------------
-------------------------------------------------------
[random_instance_605_80_20_coreset.json]
instance_uid                 = data\benchmark_instances\random_instance_605_80_20
center_dist_on_full          = 109.000000
coreset_dist_sum_unweighted  = 28.000000
coreset_dist_sum_weighted    = 86.000000
coreset_weights_sum          = 20.000000
findCenterGlobal2_time       = 0.186s
coreset_computeDistSum_time  = 0.020s
full_computeDistanceSum_time = 0.081s
best_cost(result.csv)        = 100.000000
diff(ours - best)            = 9.000000
improvement(best - ours)     = -9.000000
ratio(ours / best)           = 1.090000
comparison                   = worse_than_result_csv
-------------------------------------------------------
-------------------------------------------------------
[random_instance_650_80_10_coreset.json]
instance_uid                 = data\benchmark_instances\random_instance_650_80_10
center_dist_on_full          = 54.000000
coreset_dist_sum_unweighted  = 31.000000
coreset_dist_sum_weighted    = 49.000000
coreset_weights_sum          = 10.000000
findCenterGlobal2_time       = 0.226s
coreset_computeDistSum_time  = 0.023s
full_computeDistanceSum_time = 0.040s
best_cost(result.csv)        = 49.000000
diff(ours - best)            = 5.000000
improvement(best - ours)     = -5.000000
ratio(ours / best)           = 1.102041
comparison                   = worse_than_result_csv
-------------------------------------------------------
-------------------------------------------------------
[random_instance_666_15_10_coreset.json]
instance_uid                 = data\benchmark_instances\random_instance_666_15_10
center_dist_on_full          = 29.000000
coreset_dist_sum_unweighted  = 17.000000
coreset_dist_sum_weighted    = 27.000000
coreset_weights_sum          = 10.000000
findCenterGlobal2_time       = 0.018s
coreset_computeDistSum_time  = 0.002s
full_computeDistanceSum_time = 0.003s
best_cost(result.csv)        = 27.000000
diff(ours - best)            = 2.000000
improvement(best - ours)     = -2.000000
ratio(ours / best)           = 1.074074
comparison                   = worse_than_result_csv
-------------------------------------------------------
-------------------------------------------------------
[random_instance_668_160_5_coreset.json]
instance_uid                 = data\benchmark_instances\random_instance_668_160_5
center_dist_on_full          = 32.000000
coreset_dist_sum_unweighted  = 24.000000
coreset_dist_sum_weighted    = 30.000000
coreset_weights_sum          = 5.000000
findCenterGlobal2_time       = 0.198s
coreset_computeDistSum_time  = 0.034s
full_computeDistanceSum_time = 0.046s
best_cost(result.csv)        = 29.000000
diff(ours - best)            = 3.000000
improvement(best - ours)     = -3.000000
ratio(ours / best)           = 1.103448
comparison                   = worse_than_result_csv
-------------------------------------------------------
-------------------------------------------------------
[random_instance_677_40_2_coreset.json]
instance_uid                 = data\benchmark_instances\random_instance_677_40_2
center_dist_on_full          = 6.000000
coreset_dist_sum_unweighted  = 6.000000
coreset_dist_sum_weighted    = 6.000000
coreset_weights_sum          = 2.000000
findCenterGlobal2_time       = 0.007s
coreset_computeDistSum_time  = 0.002s
full_computeDistanceSum_time = 0.002s
best_cost(result.csv)        = 6.000000
diff(ours - best)            = 0.000000
improvement(best - ours)     = 0.000000
ratio(ours / best)           = 1.000000
comparison                   = equal_to_result_csv
-------------------------------------------------------
-------------------------------------------------------
[random_instance_683_40_10_coreset.json]
instance_uid                 = data\benchmark_instances\random_instance_683_40_10
center_dist_on_full          = 35.000000
coreset_dist_sum_unweighted  = 17.000000
coreset_dist_sum_weighted    = 29.000000
coreset_weights_sum          = 10.000000
findCenterGlobal2_time       = 0.038s
coreset_computeDistSum_time  = 0.005s
full_computeDistanceSum_time = 0.011s
best_cost(result.csv)        = 30.000000
diff(ours - best)            = 5.000000
improvement(best - ours)     = -5.000000
ratio(ours / best)           = 1.166667
comparison                   = worse_than_result_csv
-------------------------------------------------------
-------------------------------------------------------
[random_instance_689_160_2_coreset.json]
instance_uid                 = data\benchmark_instances\random_instance_689_160_2
center_dist_on_full          = 10.000000
coreset_dist_sum_unweighted  = 10.000000
coreset_dist_sum_weighted    = 10.000000
coreset_weights_sum          = 2.000000
findCenterGlobal2_time       = 0.037s
coreset_computeDistSum_time  = 0.015s
full_computeDistanceSum_time = 0.015s
best_cost(result.csv)        = 10.000000
diff(ours - best)            = 0.000000
improvement(best - ours)     = 0.000000
ratio(ours / best)           = 1.000000
comparison                   = equal_to_result_csv
-------------------------------------------------------
-------------------------------------------------------
[random_instance_694_15_3_coreset.json]
instance_uid                 = data\benchmark_instances\random_instance_694_15_3
center_dist_on_full          = 6.000000
coreset_dist_sum_unweighted  = 3.000000
coreset_dist_sum_weighted    = 4.000000
coreset_weights_sum          = 3.000000
findCenterGlobal2_time       = 0.002s
coreset_computeDistSum_time  = 0.000s
full_computeDistanceSum_time = 0.001s
best_cost(result.csv)        = 5.000000
diff(ours - best)            = 1.000000
improvement(best - ours)     = -1.000000
ratio(ours / best)           = 1.200000
comparison                   = worse_than_result_csv
-------------------------------------------------------
-------------------------------------------------------
[random_instance_699_320_20_coreset.json]
instance_uid                 = data\benchmark_instances\random_instance_699_320_20
center_dist_on_full          = 65.000000
coreset_dist_sum_unweighted  = 11.000000
coreset_dist_sum_weighted    = 43.000000
coreset_weights_sum          = 20.000000
findCenterGlobal2_time       = 0.196s
coreset_computeDistSum_time  = 0.035s
full_computeDistanceSum_time = 0.187s
best_cost(result.csv)        = 63.000000
diff(ours - best)            = 2.000000
improvement(best - ours)     = -2.000000
ratio(ours / best)           = 1.031746
comparison                   = worse_than_result_csv
-------------------------------------------------------
-------------------------------------------------------
[random_instance_73_160_10_coreset.json]
instance_uid                 = data\benchmark_instances\random_instance_73_160_10
center_dist_on_full          = 53.000000
coreset_dist_sum_unweighted  = 30.000000
coreset_dist_sum_weighted    = 46.000000
coreset_weights_sum          = 10.000000
findCenterGlobal2_time       = 0.388s
coreset_computeDistSum_time  = 0.051s
full_computeDistanceSum_time = 0.076s
best_cost(result.csv)        = 49.000000
diff(ours - best)            = 4.000000
improvement(best - ours)     = -4.000000
ratio(ours / best)           = 1.081633
comparison                   = worse_than_result_csv
-------------------------------------------------------
-------------------------------------------------------
[random_instance_757_15_5_coreset.json]
instance_uid                 = data\benchmark_instances\random_instance_757_15_5
center_dist_on_full          = 17.000000
coreset_dist_sum_unweighted  = 8.000000
coreset_dist_sum_weighted    = 13.000000
coreset_weights_sum          = 5.000000
findCenterGlobal2_time       = 0.004s
coreset_computeDistSum_time  = 0.001s
full_computeDistanceSum_time = 0.002s
best_cost(result.csv)        = 16.000000
diff(ours - best)            = 1.000000
improvement(best - ours)     = -1.000000
ratio(ours / best)           = 1.062500
comparison                   = worse_than_result_csv
-------------------------------------------------------
-------------------------------------------------------
[random_instance_771_15_20_coreset.json]
instance_uid                 = data\benchmark_instances\random_instance_771_15_20
center_dist_on_full          = 55.000000
coreset_dist_sum_unweighted  = 18.000000
coreset_dist_sum_weighted    = 47.000000
coreset_weights_sum          = 20.000000
findCenterGlobal2_time       = 0.017s
coreset_computeDistSum_time  = 0.002s
full_computeDistanceSum_time = 0.006s
best_cost(result.csv)        = 52.000000
diff(ours - best)            = 3.000000
improvement(best - ours)     = -3.000000
ratio(ours / best)           = 1.057692
comparison                   = worse_than_result_csv
-------------------------------------------------------
-------------------------------------------------------
[random_instance_783_80_2_coreset.json]
instance_uid                 = data\benchmark_instances\random_instance_783_80_2
center_dist_on_full          = 5.000000
coreset_dist_sum_unweighted  = 5.000000
coreset_dist_sum_weighted    = 5.000000
coreset_weights_sum          = 2.000000
findCenterGlobal2_time       = 0.011s
coreset_computeDistSum_time  = 0.004s
full_computeDistanceSum_time = 0.004s
best_cost(result.csv)        = 5.000000
diff(ours - best)            = 0.000000
improvement(best - ours)     = 0.000000
ratio(ours / best)           = 1.000000
comparison                   = equal_to_result_csv
-------------------------------------------------------
-------------------------------------------------------
[random_instance_784_15_2_coreset.json]
instance_uid                 = data\benchmark_instances\random_instance_784_15_2
center_dist_on_full          = 3.000000
coreset_dist_sum_unweighted  = 3.000000
coreset_dist_sum_weighted    = 3.000000
coreset_weights_sum          = 2.000000
findCenterGlobal2_time       = 0.002s
coreset_computeDistSum_time  = 0.000s
full_computeDistanceSum_time = 0.000s
best_cost(result.csv)        = 3.000000
diff(ours - best)            = 0.000000
improvement(best - ours)     = 0.000000
ratio(ours / best)           = 1.000000
comparison                   = equal_to_result_csv
-------------------------------------------------------
-------------------------------------------------------
[random_instance_786_320_5_coreset.json]
instance_uid                 = data\benchmark_instances\random_instance_786_320_5
center_dist_on_full          = 31.000000
coreset_dist_sum_unweighted  = 31.000000
coreset_dist_sum_weighted    = 31.000000
coreset_weights_sum          = 5.000000
findCenterGlobal2_time       = 0.806s
coreset_computeDistSum_time  = 0.100s
full_computeDistanceSum_time = 0.099s
best_cost(result.csv)        = 31.000000
diff(ours - best)            = 0.000000
improvement(best - ours)     = 0.000000
ratio(ours / best)           = 1.000000
comparison                   = equal_to_result_csv
-------------------------------------------------------
-------------------------------------------------------
[random_instance_78_40_10_coreset.json]
instance_uid                 = data\benchmark_instances\random_instance_78_40_10
center_dist_on_full          = 32.000000
coreset_dist_sum_unweighted  = 11.000000
coreset_dist_sum_weighted    = 25.000000
coreset_weights_sum          = 10.000000
findCenterGlobal2_time       = 0.022s
coreset_computeDistSum_time  = 0.004s
full_computeDistanceSum_time = 0.011s
best_cost(result.csv)        = 27.000000
diff(ours - best)            = 5.000000
improvement(best - ours)     = -5.000000
ratio(ours / best)           = 1.185185
comparison                   = worse_than_result_csv
-------------------------------------------------------
-------------------------------------------------------
[random_instance_792_80_5_coreset.json]
instance_uid                 = data\benchmark_instances\random_instance_792_80_5
center_dist_on_full          = 22.000000
coreset_dist_sum_unweighted  = 12.000000
coreset_dist_sum_weighted    = 20.000000
coreset_weights_sum          = 5.000000
findCenterGlobal2_time       = 0.041s
coreset_computeDistSum_time  = 0.009s
full_computeDistanceSum_time = 0.018s
best_cost(result.csv)        = 21.000000
diff(ours - best)            = 1.000000
improvement(best - ours)     = -1.000000
ratio(ours / best)           = 1.047619
comparison                   = worse_than_result_csv
-------------------------------------------------------
-------------------------------------------------------
[random_instance_798_80_3_coreset.json]
instance_uid                 = data\benchmark_instances\random_instance_798_80_3
center_dist_on_full          = 10.000000
coreset_dist_sum_unweighted  = 10.000000
coreset_dist_sum_weighted    = 10.000000
coreset_weights_sum          = 3.000000
findCenterGlobal2_time       = 0.028s
coreset_computeDistSum_time  = 0.007s
full_computeDistanceSum_time = 0.007s
best_cost(result.csv)        = 10.000000
diff(ours - best)            = 0.000000
improvement(best - ours)     = 0.000000
ratio(ours / best)           = 1.000000
comparison                   = equal_to_result_csv
-------------------------------------------------------
-------------------------------------------------------
[random_instance_823_320_3_coreset.json]
instance_uid                 = data\benchmark_instances\random_instance_823_320_3
center_dist_on_full          = 16.000000
coreset_dist_sum_unweighted  = 16.000000
coreset_dist_sum_weighted    = 16.000000
coreset_weights_sum          = 3.000000
findCenterGlobal2_time       = 0.215s
coreset_computeDistSum_time  = 0.049s
full_computeDistanceSum_time = 0.049s
best_cost(result.csv)        = 15.000000
diff(ours - best)            = 1.000000
improvement(best - ours)     = -1.000000
ratio(ours / best)           = 1.066667
comparison                   = worse_than_result_csv
-------------------------------------------------------
-------------------------------------------------------
[random_instance_826_320_20_coreset.json]
instance_uid                 = data\benchmark_instances\random_instance_826_320_20
center_dist_on_full          = 162.000000
coreset_dist_sum_unweighted  = 61.000000
coreset_dist_sum_weighted    = 151.000000
coreset_weights_sum          = 20.000000
findCenterGlobal2_time       = 2.680s
coreset_computeDistSum_time  = 0.191s
full_computeDistanceSum_time = 0.497s
best_cost(result.csv)        = 161.000000
diff(ours - best)            = 1.000000
improvement(best - ours)     = -1.000000
ratio(ours / best)           = 1.006211
comparison                   = worse_than_result_csv
-------------------------------------------------------
-------------------------------------------------------
[random_instance_835_160_3_coreset.json]
instance_uid                 = data\benchmark_instances\random_instance_835_160_3
center_dist_on_full          = 15.000000
coreset_dist_sum_unweighted  = 15.000000
coreset_dist_sum_weighted    = 15.000000
coreset_weights_sum          = 3.000000
findCenterGlobal2_time       = 0.100s
coreset_computeDistSum_time  = 0.022s
full_computeDistanceSum_time = 0.025s
best_cost(result.csv)        = 15.000000
diff(ours - best)            = 0.000000
improvement(best - ours)     = 0.000000
ratio(ours / best)           = 1.000000
comparison                   = equal_to_result_csv
-------------------------------------------------------
-------------------------------------------------------
[random_instance_837_40_10_coreset.json]
instance_uid                 = data\benchmark_instances\random_instance_837_40_10
center_dist_on_full          = 36.000000
coreset_dist_sum_unweighted  = 21.000000
coreset_dist_sum_weighted    = 33.000000
coreset_weights_sum          = 10.000000
findCenterGlobal2_time       = 0.068s
coreset_computeDistSum_time  = 0.007s
full_computeDistanceSum_time = 0.012s
best_cost(result.csv)        = 35.000000
diff(ours - best)            = 1.000000
improvement(best - ours)     = -1.000000
ratio(ours / best)           = 1.028571
comparison                   = worse_than_result_csv
-------------------------------------------------------
-------------------------------------------------------
[random_instance_838_80_10_coreset.json]
instance_uid                 = data\benchmark_instances\random_instance_838_80_10
center_dist_on_full          = 36.000000
coreset_dist_sum_unweighted  = 17.000000
coreset_dist_sum_weighted    = 28.000000
coreset_weights_sum          = 10.000000
findCenterGlobal2_time       = 0.090s
coreset_computeDistSum_time  = 0.012s
full_computeDistanceSum_time = 0.026s
best_cost(result.csv)        = 35.000000
diff(ours - best)            = 1.000000
improvement(best - ours)     = -1.000000
ratio(ours / best)           = 1.028571
comparison                   = worse_than_result_csv
-------------------------------------------------------
-------------------------------------------------------
[random_instance_83_160_10_coreset.json]
instance_uid                 = data\benchmark_instances\random_instance_83_160_10
center_dist_on_full          = 54.000000
coreset_dist_sum_unweighted  = 29.000000
coreset_dist_sum_weighted    = 46.000000
coreset_weights_sum          = 10.000000
findCenterGlobal2_time       = 0.460s
coreset_computeDistSum_time  = 0.045s
full_computeDistanceSum_time = 0.081s
best_cost(result.csv)        = 54.000000
diff(ours - best)            = 0.000000
improvement(best - ours)     = 0.000000
ratio(ours / best)           = 1.000000
comparison                   = equal_to_result_csv
-------------------------------------------------------
-------------------------------------------------------
[random_instance_840_15_3_coreset.json]
instance_uid                 = data\benchmark_instances\random_instance_840_15_3
center_dist_on_full          = 9.000000
coreset_dist_sum_unweighted  = 9.000000
coreset_dist_sum_weighted    = 9.000000
coreset_weights_sum          = 3.000000
findCenterGlobal2_time       = 0.006s
coreset_computeDistSum_time  = 0.001s
full_computeDistanceSum_time = 0.001s
best_cost(result.csv)        = 9.000000
diff(ours - best)            = 0.000000
improvement(best - ours)     = 0.000000
ratio(ours / best)           = 1.000000
comparison                   = equal_to_result_csv
-------------------------------------------------------
-------------------------------------------------------
[random_instance_840_160_20_coreset.json]
instance_uid                 = data\benchmark_instances\random_instance_840_160_20
center_dist_on_full          = 120.000000
coreset_dist_sum_unweighted  = 39.000000
coreset_dist_sum_weighted    = 100.000000
coreset_weights_sum          = 20.000000
findCenterGlobal2_time       = 0.647s
coreset_computeDistSum_time  = 0.059s
full_computeDistanceSum_time = 0.176s
best_cost(result.csv)        = 116.000000
diff(ours - best)            = 4.000000
improvement(best - ours)     = -4.000000
ratio(ours / best)           = 1.034483
comparison                   = worse_than_result_csv
-------------------------------------------------------
-------------------------------------------------------
[random_instance_862_160_2_coreset.json]
instance_uid                 = data\benchmark_instances\random_instance_862_160_2
center_dist_on_full          = 7.000000
coreset_dist_sum_unweighted  = 7.000000
coreset_dist_sum_weighted    = 7.000000
coreset_weights_sum          = 2.000000
findCenterGlobal2_time       = 0.028s
coreset_computeDistSum_time  = 0.011s
full_computeDistanceSum_time = 0.010s
best_cost(result.csv)        = 7.000000
diff(ours - best)            = 0.000000
improvement(best - ours)     = 0.000000
ratio(ours / best)           = 1.000000
comparison                   = equal_to_result_csv
-------------------------------------------------------
-------------------------------------------------------
[random_instance_881_320_10_coreset.json]
instance_uid                 = data\benchmark_instances\random_instance_881_320_10
center_dist_on_full          = 63.000000
coreset_dist_sum_unweighted  = 29.000000
coreset_dist_sum_weighted    = 51.000000
coreset_weights_sum          = 10.000000
findCenterGlobal2_time       = 0.821s
coreset_computeDistSum_time  = 0.100s
full_computeDistanceSum_time = 0.212s
best_cost(result.csv)        = 61.000000
diff(ours - best)            = 2.000000
improvement(best - ours)     = -2.000000
ratio(ours / best)           = 1.032787
comparison                   = worse_than_result_csv
-------------------------------------------------------
-------------------------------------------------------
[random_instance_887_80_2_coreset.json]
instance_uid                 = data\benchmark_instances\random_instance_887_80_2
center_dist_on_full          = 5.000000
coreset_dist_sum_unweighted  = 5.000000
coreset_dist_sum_weighted    = 5.000000
coreset_weights_sum          = 2.000000
findCenterGlobal2_time       = 0.008s
coreset_computeDistSum_time  = 0.003s
full_computeDistanceSum_time = 0.003s
best_cost(result.csv)        = 5.000000
diff(ours - best)            = 0.000000
improvement(best - ours)     = 0.000000
ratio(ours / best)           = 1.000000
comparison                   = equal_to_result_csv
-------------------------------------------------------
-------------------------------------------------------
[random_instance_891_15_20_coreset.json]
instance_uid                 = data\benchmark_instances\random_instance_891_15_20
center_dist_on_full          = 61.000000
coreset_dist_sum_unweighted  = 22.000000
coreset_dist_sum_weighted    = 43.000000
coreset_weights_sum          = 20.000000
findCenterGlobal2_time       = 0.023s
coreset_computeDistSum_time  = 0.002s
full_computeDistanceSum_time = 0.006s
best_cost(result.csv)        = 56.000000
diff(ours - best)            = 5.000000
improvement(best - ours)     = -5.000000
ratio(ours / best)           = 1.089286
comparison                   = worse_than_result_csv
-------------------------------------------------------
-------------------------------------------------------
[random_instance_900_40_20_coreset.json]
instance_uid                 = data\benchmark_instances\random_instance_900_40_20
center_dist_on_full          = 83.000000
coreset_dist_sum_unweighted  = 22.000000
coreset_dist_sum_weighted    = 64.000000
coreset_weights_sum          = 20.000000
findCenterGlobal2_time       = 0.062s
coreset_computeDistSum_time  = 0.007s
full_computeDistanceSum_time = 0.028s
best_cost(result.csv)        = 73.000000
diff(ours - best)            = 10.000000
improvement(best - ours)     = -10.000000
ratio(ours / best)           = 1.136986
comparison                   = worse_than_result_csv
-------------------------------------------------------
-------------------------------------------------------
[random_instance_905_15_2_coreset.json]
instance_uid                 = data\benchmark_instances\random_instance_905_15_2
center_dist_on_full          = 4.000000
coreset_dist_sum_unweighted  = 4.000000
coreset_dist_sum_weighted    = 4.000000
coreset_weights_sum          = 2.000000
findCenterGlobal2_time       = 0.002s
coreset_computeDistSum_time  = 0.000s
full_computeDistanceSum_time = 0.001s
best_cost(result.csv)        = 4.000000
diff(ours - best)            = 0.000000
improvement(best - ours)     = 0.000000
ratio(ours / best)           = 1.000000
comparison                   = equal_to_result_csv
-------------------------------------------------------
-------------------------------------------------------
[random_instance_90_320_5_coreset.json]
instance_uid                 = data\benchmark_instances\random_instance_90_320_5
center_dist_on_full          = 20.000000
coreset_dist_sum_unweighted  = 10.000000
coreset_dist_sum_weighted    = 14.000000
coreset_weights_sum          = 5.000000
findCenterGlobal2_time       = 0.152s
coreset_computeDistSum_time  = 0.034s
full_computeDistanceSum_time = 0.066s
best_cost(result.csv)        = 20.000000
diff(ours - best)            = 0.000000
improvement(best - ours)     = 0.000000
ratio(ours / best)           = 1.000000
comparison                   = equal_to_result_csv
-------------------------------------------------------
-------------------------------------------------------
[random_instance_915_320_20_coreset.json]
instance_uid                 = data\benchmark_instances\random_instance_915_320_20
center_dist_on_full          = 148.000000
coreset_dist_sum_unweighted  = 73.000000
coreset_dist_sum_weighted    = 130.000000
coreset_weights_sum          = 20.000000
findCenterGlobal2_time       = 4.205s
coreset_computeDistSum_time  = 0.249s
full_computeDistanceSum_time = 0.507s
best_cost(result.csv)        = 147.000000
diff(ours - best)            = 1.000000
improvement(best - ours)     = -1.000000
ratio(ours / best)           = 1.006803
comparison                   = worse_than_result_csv
-------------------------------------------------------
-------------------------------------------------------
[random_instance_925_80_2_coreset.json]
instance_uid                 = data\benchmark_instances\random_instance_925_80_2
center_dist_on_full          = 7.000000
coreset_dist_sum_unweighted  = 7.000000
coreset_dist_sum_weighted    = 7.000000
coreset_weights_sum          = 2.000000
findCenterGlobal2_time       = 0.015s
coreset_computeDistSum_time  = 0.005s
full_computeDistanceSum_time = 0.006s
best_cost(result.csv)        = 7.000000
diff(ours - best)            = 0.000000
improvement(best - ours)     = 0.000000
ratio(ours / best)           = 1.000000
comparison                   = equal_to_result_csv
-------------------------------------------------------
-------------------------------------------------------
[random_instance_93_40_10_coreset.json]
instance_uid                 = data\benchmark_instances\random_instance_93_40_10
center_dist_on_full          = 46.000000
coreset_dist_sum_unweighted  = 19.000000
coreset_dist_sum_weighted    = 33.000000
coreset_weights_sum          = 10.000000
findCenterGlobal2_time       = 0.051s
coreset_computeDistSum_time  = 0.006s
full_computeDistanceSum_time = 0.015s
best_cost(result.csv)        = 40.000000
diff(ours - best)            = 6.000000
improvement(best - ours)     = -6.000000
ratio(ours / best)           = 1.150000
comparison                   = worse_than_result_csv
-------------------------------------------------------
-------------------------------------------------------
[random_instance_946_40_20_coreset.json]
instance_uid                 = data\benchmark_instances\random_instance_946_40_20
center_dist_on_full          = 71.000000
coreset_dist_sum_unweighted  = 23.000000
coreset_dist_sum_weighted    = 57.000000
coreset_weights_sum          = 20.000000
findCenterGlobal2_time       = 0.079s
coreset_computeDistSum_time  = 0.008s
full_computeDistanceSum_time = 0.023s
best_cost(result.csv)        = 66.000000
diff(ours - best)            = 5.000000
improvement(best - ours)     = -5.000000
ratio(ours / best)           = 1.075758
comparison                   = worse_than_result_csv
-------------------------------------------------------
-------------------------------------------------------
[random_instance_960_160_2_coreset.json]
instance_uid                 = data\benchmark_instances\random_instance_960_160_2
center_dist_on_full          = 9.000000
coreset_dist_sum_unweighted  = 9.000000
coreset_dist_sum_weighted    = 9.000000
coreset_weights_sum          = 2.000000
findCenterGlobal2_time       = 0.034s
coreset_computeDistSum_time  = 0.013s
full_computeDistanceSum_time = 0.013s
best_cost(result.csv)        = 9.000000
diff(ours - best)            = 0.000000
improvement(best - ours)     = 0.000000
ratio(ours / best)           = 1.000000
comparison                   = equal_to_result_csv
-------------------------------------------------------
-------------------------------------------------------
[random_instance_966_40_2_coreset.json]
instance_uid                 = data\benchmark_instances\random_instance_966_40_2
center_dist_on_full          = 5.000000
coreset_dist_sum_unweighted  = 5.000000
coreset_dist_sum_weighted    = 5.000000
coreset_weights_sum          = 2.000000
findCenterGlobal2_time       = 0.005s
coreset_computeDistSum_time  = 0.002s
full_computeDistanceSum_time = 0.002s
best_cost(result.csv)        = 5.000000
diff(ours - best)            = 0.000000
improvement(best - ours)     = 0.000000
ratio(ours / best)           = 1.000000
comparison                   = equal_to_result_csv
-------------------------------------------------------
-------------------------------------------------------
[random_instance_973_80_3_coreset.json]
instance_uid                 = data\benchmark_instances\random_instance_973_80_3
center_dist_on_full          = 10.000000
coreset_dist_sum_unweighted  = 10.000000
coreset_dist_sum_weighted    = 10.000000
coreset_weights_sum          = 3.000000
findCenterGlobal2_time       = 0.034s
coreset_computeDistSum_time  = 0.008s
full_computeDistanceSum_time = 0.008s
best_cost(result.csv)        = 9.000000
diff(ours - best)            = 1.000000
improvement(best - ours)     = -1.000000
ratio(ours / best)           = 1.111111
comparison                   = worse_than_result_csv
-------------------------------------------------------
-------------------------------------------------------
[random_instance_976_15_20_coreset.json]
instance_uid                 = data\benchmark_instances\random_instance_976_15_20
center_dist_on_full          = 59.000000
coreset_dist_sum_unweighted  = 16.000000
coreset_dist_sum_weighted    = 37.000000
coreset_weights_sum          = 20.000000
findCenterGlobal2_time       = 0.015s
coreset_computeDistSum_time  = 0.002s
full_computeDistanceSum_time = 0.006s
best_cost(result.csv)        = 52.000000
diff(ours - best)            = 7.000000
improvement(best - ours)     = -7.000000
ratio(ours / best)           = 1.134615
comparison                   = worse_than_result_csv
-------------------------------------------------------
-------------------------------------------------------
[random_instance_982_320_10_coreset.json]
instance_uid                 = data\benchmark_instances\random_instance_982_320_10
center_dist_on_full          = 76.000000
coreset_dist_sum_unweighted  = 60.000000
coreset_dist_sum_weighted    = 72.000000
coreset_weights_sum          = 10.000000
findCenterGlobal2_time       = 2.594s
coreset_computeDistSum_time  = 0.189s
full_computeDistanceSum_time = 0.239s
best_cost(result.csv)        = 74.000000
diff(ours - best)            = 2.000000
improvement(best - ours)     = -2.000000
ratio(ours / best)           = 1.027027
comparison                   = worse_than_result_csv
-------------------------------------------------------
-------------------------------------------------------
[random_instance_995_160_5_coreset.json]
instance_uid                 = data\benchmark_instances\random_instance_995_160_5
center_dist_on_full          = 26.000000
coreset_dist_sum_unweighted  = 26.000000
coreset_dist_sum_weighted    = 26.000000
coreset_weights_sum          = 5.000000
findCenterGlobal2_time       = 0.331s
coreset_computeDistSum_time  = 0.040s
full_computeDistanceSum_time = 0.038s
best_cost(result.csv)        = 25.000000
diff(ours - best)            = 1.000000
improvement(best - ours)     = -1.000000
ratio(ours / best)           = 1.040000
comparison                   = worse_than_result_csv
-------------------------------------------------------
-------------------------------------------------------
[random_instance_995_320_10_coreset.json]
instance_uid                 = data\benchmark_instances\random_instance_995_320_10
center_dist_on_full          = 67.000000
coreset_dist_sum_unweighted  = 22.000000
coreset_dist_sum_weighted    = 43.000000
coreset_weights_sum          = 10.000000
findCenterGlobal2_time       = 0.441s
coreset_computeDistSum_time  = 0.069s
full_computeDistanceSum_time = 0.212s
best_cost(result.csv)        = 59.000000
diff(ours - best)            = 8.000000
improvement(best - ours)     = -8.000000
ratio(ours / best)           = 1.135593
comparison                   = worse_than_result_csv
-------------------------------------------------------
-------------------------------------------------------
[random_instance_996_40_20_coreset.json]
instance_uid                 = data\benchmark_instances\random_instance_996_40_20
center_dist_on_full          = 95.000000
coreset_dist_sum_unweighted  = 34.000000
coreset_dist_sum_weighted    = 79.000000
coreset_weights_sum          = 20.000000
findCenterGlobal2_time       = 0.111s
coreset_computeDistSum_time  = 0.011s
full_computeDistanceSum_time = 0.032s
best_cost(result.csv)        = 78.000000
diff(ours - best)            = 17.000000
improvement(best - ours)     = -17.000000
ratio(ours / best)           = 1.217949
comparison                   = worse_than_result_csv
-------------------------------------------------------
-------------------------------------------------------
[rirs-1000-20-ee506ff1_coreset.json]
instance_uid                 = data\benchmark_instances\rirs-1000-20-ee506ff1
center_dist_on_full          = 239.000000
coreset_dist_sum_unweighted  = 119.000000
coreset_dist_sum_weighted    = 232.000000
coreset_weights_sum          = 20.000000
findCenterGlobal2_time       = 33.196s
coreset_computeDistSum_time  = 1.479s
full_computeDistanceSum_time = 3.239s
best_cost(result.csv)        = 235.000000
diff(ours - best)            = 4.000000
improvement(best - ours)     = -4.000000
ratio(ours / best)           = 1.017021
comparison                   = worse_than_result_csv
-------------------------------------------------------
-------------------------------------------------------
[rirs-1000-50-efb3c1bd_coreset.json]
instance_uid                 = data\benchmark_instances\rirs-1000-50-efb3c1bd
center_dist_on_full          = 638.000000
coreset_dist_sum_unweighted  = 120.000000
coreset_dist_sum_weighted    = 568.000000
coreset_weights_sum          = 50.000000
findCenterGlobal2_time       = 34.387s
coreset_computeDistSum_time  = 1.557s
full_computeDistanceSum_time = 8.852s
best_cost(result.csv)        = 613.000000
diff(ours - best)            = 25.000000
improvement(best - ours)     = -25.000000
ratio(ours / best)           = 1.040783
comparison                   = worse_than_result_csv
-------------------------------------------------------
-------------------------------------------------------
[rirs-1000-75-50e9d715_coreset.json]
instance_uid                 = data\benchmark_instances\rirs-1000-75-50e9d715
center_dist_on_full          = 963.000000
coreset_dist_sum_unweighted  = 124.000000
coreset_dist_sum_weighted    = 850.000000
coreset_weights_sum          = 75.000000
findCenterGlobal2_time       = 36.151s
coreset_computeDistSum_time  = 1.755s
full_computeDistanceSum_time = 12.923s
best_cost(result.csv)        = 931.000000
diff(ours - best)            = 32.000000
improvement(best - ours)     = -32.000000
ratio(ours / best)           = 1.034372
comparison                   = worse_than_result_csv
-------------------------------------------------------
-------------------------------------------------------
[rirs-10000-20-85b95253_coreset.json]
instance_uid                 = data\benchmark_instances\rirs-10000-20-85b95253
center_dist_on_full          = 343.000000
coreset_dist_sum_unweighted  = 91.000000
coreset_dist_sum_weighted    = 281.000000
coreset_weights_sum          = 20.000000
findCenterGlobal2_time       = 216.743s
coreset_computeDistSum_time  = 18.429s
full_computeDistanceSum_time = 72.500s
best_cost(result.csv)        = 320.000000
diff(ours - best)            = 23.000000
improvement(best - ours)     = -23.000000
ratio(ours / best)           = 1.071875
comparison                   = worse_than_result_csv
-------------------------------------------------------
-------------------------------------------------------
[rirs-10000-50-918ee15c_coreset.json]
instance_uid                 = data\benchmark_instances\rirs-10000-50-918ee15c
center_dist_on_full          = 873.000000
coreset_dist_sum_unweighted  = 162.000000
coreset_dist_sum_weighted    = 726.000000
coreset_weights_sum          = 50.000000
findCenterGlobal2_time       = 784.191s
coreset_computeDistSum_time  = 39.117s
full_computeDistanceSum_time = 200.080s
best_cost(result.csv)        = 885.000000
diff(ours - best)            = -12.000000
improvement(best - ours)     = 12.000000
ratio(ours / best)           = 0.986441
comparison                   = better_than_result_csv
-------------------------------------------------------
-------------------------------------------------------
[rirs-10000-75-08dd7dc1_coreset.json]
instance_uid                 = data\benchmark_instances\rirs-10000-75-08dd7dc1
center_dist_on_full          = 1340.000000
coreset_dist_sum_unweighted  = 181.000000
coreset_dist_sum_weighted    = 1133.000000
coreset_weights_sum          = 75.000000
findCenterGlobal2_time       = 961.006s
coreset_computeDistSum_time  = 43.030s
full_computeDistanceSum_time = 314.441s
best_cost(result.csv)        = 1300.000000
diff(ours - best)            = 40.000000
improvement(best - ours)     = -40.000000
ratio(ours / best)           = 1.030769
comparison                   = worse_than_result_csv
-------------------------------------------------------
