========== solve_from_coreset (findCenterGlobal2 + coreset weighted sum) ==========
Time: 2026-01-19 11:25:51
benchmark_dir = ../data/benchmark_instances
coreset_dir   = ../data/coreset_instance_260118
result_csv    = ../result.csv

========== solve_from_coreset (findCenterGlobal2 + coreset weighted sum) ==========
Time: 2026-01-19 11:28:09
benchmark_dir = ../data/benchmark_instances
coreset_dir   = ../data/coreset_instance_260118
result_csv    = ../result.csv

-------------------------------------------------------
[random_instance_110_15_3_coreset.json]
instance_uid                 = 
center_dist_on_full          = 9.000000
coreset_dist_sum_unweighted  = 9.000000
coreset_dist_sum_weighted    = 9.000000
coreset_weights_sum          = 3.000000
findCenterGlobal2_time       = 0.008s
coreset_computeDistSum_time  = 0.002s
full_computeDistanceSum_time = 0.002s
best_cost(result.csv)        = 7.000000
diff(ours - best)            = 2.000000
improvement(best - ours)     = -2.000000
ratio(ours / best)           = 1.285714
comparison                   = worse_than_result_csv
-------------------------------------------------------
-------------------------------------------------------
[random_instance_111_15_2_coreset.json]
instance_uid                 = 
center_dist_on_full          = 6.000000
coreset_dist_sum_unweighted  = 6.000000
coreset_dist_sum_weighted    = 6.000000
coreset_weights_sum          = 2.000000
findCenterGlobal2_time       = 0.004s
coreset_computeDistSum_time  = 0.002s
full_computeDistanceSum_time = 0.001s
best_cost(result.csv)        = 5.000000
diff(ours - best)            = 1.000000
improvement(best - ours)     = -1.000000
ratio(ours / best)           = 1.200000
comparison                   = worse_than_result_csv
-------------------------------------------------------
-------------------------------------------------------
[random_instance_130_15_5_coreset.json]
instance_uid                 = 
center_dist_on_full          = 12.000000
coreset_dist_sum_unweighted  = 7.000000
coreset_dist_sum_weighted    = 9.000000
coreset_weights_sum          = 5.000000
findCenterGlobal2_time       = 0.007s
coreset_computeDistSum_time  = 0.002s
full_computeDistanceSum_time = 0.003s
best_cost(result.csv)        = 9.000000
diff(ours - best)            = 3.000000
improvement(best - ours)     = -3.000000
ratio(ours / best)           = 1.333333
comparison                   = worse_than_result_csv
-------------------------------------------------------
-------------------------------------------------------
[random_instance_132_80_20_coreset.json]
instance_uid                 = 
center_dist_on_full          = 93.000000
coreset_dist_sum_unweighted  = 19.000000
coreset_dist_sum_weighted    = 60.000000
coreset_weights_sum          = 20.000000
findCenterGlobal2_time       = 0.165s
coreset_computeDistSum_time  = 0.030s
full_computeDistanceSum_time = 0.162s
best_cost(result.csv)        = 78.000000
diff(ours - best)            = 15.000000
improvement(best - ours)     = -15.000000
ratio(ours / best)           = 1.192308
comparison                   = worse_than_result_csv
-------------------------------------------------------
-------------------------------------------------------
[random_instance_136_320_2_coreset.json]
instance_uid                 = 
center_dist_on_full          = 6.000000
coreset_dist_sum_unweighted  = 6.000000
coreset_dist_sum_weighted    = 6.000000
coreset_weights_sum          = 2.000000
findCenterGlobal2_time       = 0.073s
coreset_computeDistSum_time  = 0.044s
full_computeDistanceSum_time = 0.047s
best_cost(result.csv)        = 6.000000
diff(ours - best)            = 0.000000
improvement(best - ours)     = 0.000000
ratio(ours / best)           = 1.000000
comparison                   = equal_to_result_csv
-------------------------------------------------------
-------------------------------------------------------
[random_instance_137_40_10_coreset.json]
instance_uid                 = 
center_dist_on_full          = 39.000000
coreset_dist_sum_unweighted  = 14.000000
coreset_dist_sum_weighted    = 35.000000
coreset_weights_sum          = 10.000000
findCenterGlobal2_time       = 0.045s
coreset_computeDistSum_time  = 0.011s
full_computeDistanceSum_time = 0.037s
best_cost(result.csv)        = 34.000000
diff(ours - best)            = 5.000000
improvement(best - ours)     = -5.000000
ratio(ours / best)           = 1.147059
comparison                   = worse_than_result_csv
-------------------------------------------------------
-------------------------------------------------------
[random_instance_160_320_20_coreset.json]
instance_uid                 = 
center_dist_on_full          = 93.000000
coreset_dist_sum_unweighted  = 14.000000
coreset_dist_sum_weighted    = 37.000000
coreset_weights_sum          = 20.000000
findCenterGlobal2_time       = 0.362s
coreset_computeDistSum_time  = 0.093s
full_computeDistanceSum_time = 0.613s
best_cost(result.csv)        = 78.000000
diff(ours - best)            = 15.000000
improvement(best - ours)     = -15.000000
ratio(ours / best)           = 1.192308
comparison                   = worse_than_result_csv
-------------------------------------------------------
-------------------------------------------------------
[random_instance_168_15_2_coreset.json]
instance_uid                 = 
center_dist_on_full          = 1.000000
coreset_dist_sum_unweighted  = 1.000000
coreset_dist_sum_weighted    = 1.000000
coreset_weights_sum          = 2.000000
findCenterGlobal2_time       = 0.002s
coreset_computeDistSum_time  = 0.001s
full_computeDistanceSum_time = 0.001s
best_cost(result.csv)        = 1.000000
diff(ours - best)            = 0.000000
improvement(best - ours)     = 0.000000
ratio(ours / best)           = 1.000000
comparison                   = equal_to_result_csv
-------------------------------------------------------
-------------------------------------------------------
[random_instance_168_80_5_coreset.json]
instance_uid                 = 
center_dist_on_full          = 21.000000
coreset_dist_sum_unweighted  = 11.000000
coreset_dist_sum_weighted    = 19.000000
coreset_weights_sum          = 5.000000
findCenterGlobal2_time       = 0.043s
coreset_computeDistSum_time  = 0.016s
full_computeDistanceSum_time = 0.032s
best_cost(result.csv)        = 19.000000
diff(ours - best)            = 2.000000
improvement(best - ours)     = -2.000000
ratio(ours / best)           = 1.105263
comparison                   = worse_than_result_csv
-------------------------------------------------------
-------------------------------------------------------
[random_instance_16_15_2_coreset.json]
instance_uid                 = 
center_dist_on_full          = 3.000000
coreset_dist_sum_unweighted  = 3.000000
coreset_dist_sum_weighted    = 3.000000
coreset_weights_sum          = 2.000000
findCenterGlobal2_time       = 0.002s
coreset_computeDistSum_time  = 0.001s
full_computeDistanceSum_time = 0.001s
best_cost(result.csv)        = 3.000000
diff(ours - best)            = 0.000000
improvement(best - ours)     = 0.000000
ratio(ours / best)           = 1.000000
comparison                   = equal_to_result_csv
-------------------------------------------------------
-------------------------------------------------------
[random_instance_188_40_10_coreset.json]
instance_uid                 = 
center_dist_on_full          = 49.000000
coreset_dist_sum_unweighted  = 21.000000
coreset_dist_sum_weighted    = 33.000000
coreset_weights_sum          = 10.000000
findCenterGlobal2_time       = 0.064s
coreset_computeDistSum_time  = 0.014s
full_computeDistanceSum_time = 0.031s
best_cost(result.csv)        = 41.000000
diff(ours - best)            = 8.000000
improvement(best - ours)     = -8.000000
ratio(ours / best)           = 1.195122
comparison                   = worse_than_result_csv
-------------------------------------------------------
-------------------------------------------------------
[random_instance_192_15_2_coreset.json]
instance_uid                 = 
center_dist_on_full          = 3.000000
coreset_dist_sum_unweighted  = 3.000000
coreset_dist_sum_weighted    = 3.000000
coreset_weights_sum          = 2.000000
findCenterGlobal2_time       = 0.002s
coreset_computeDistSum_time  = 0.001s
full_computeDistanceSum_time = 0.001s
best_cost(result.csv)        = 3.000000
diff(ours - best)            = 0.000000
improvement(best - ours)     = 0.000000
ratio(ours / best)           = 1.000000
comparison                   = equal_to_result_csv
-------------------------------------------------------
-------------------------------------------------------
[random_instance_197_320_10_coreset.json]
instance_uid                 = 
center_dist_on_full          = 68.000000
coreset_dist_sum_unweighted  = 25.000000
coreset_dist_sum_weighted    = 58.000000
coreset_weights_sum          = 10.000000
findCenterGlobal2_time       = 0.738s
coreset_computeDistSum_time  = 0.184s
full_computeDistanceSum_time = 0.473s
best_cost(result.csv)        = 60.000000
diff(ours - best)            = 8.000000
improvement(best - ours)     = -8.000000
ratio(ours / best)           = 1.133333
comparison                   = worse_than_result_csv
-------------------------------------------------------
-------------------------------------------------------
[random_instance_204_80_20_coreset.json]
instance_uid                 = 
center_dist_on_full          = 75.000000
coreset_dist_sum_unweighted  = 12.000000
coreset_dist_sum_weighted    = 50.000000
coreset_weights_sum          = 20.000000
findCenterGlobal2_time       = 0.080s
coreset_computeDistSum_time  = 0.019s
full_computeDistanceSum_time = 0.117s
best_cost(result.csv)        = 70.000000
diff(ours - best)            = 5.000000
improvement(best - ours)     = -5.000000
ratio(ours / best)           = 1.071429
comparison                   = worse_than_result_csv
-------------------------------------------------------
-------------------------------------------------------
[random_instance_213_80_20_coreset.json]
instance_uid                 = 
center_dist_on_full          = 101.000000
coreset_dist_sum_unweighted  = 27.000000
coreset_dist_sum_weighted    = 73.000000
coreset_weights_sum          = 20.000000
findCenterGlobal2_time       = 0.270s
coreset_computeDistSum_time  = 0.044s
full_computeDistanceSum_time = 0.169s
best_cost(result.csv)        = 92.000000
diff(ours - best)            = 9.000000
improvement(best - ours)     = -9.000000
ratio(ours / best)           = 1.097826
comparison                   = worse_than_result_csv
-------------------------------------------------------
-------------------------------------------------------
[random_instance_224_15_20_coreset.json]
instance_uid                 = 
center_dist_on_full          = 55.000000
coreset_dist_sum_unweighted  = 11.000000
coreset_dist_sum_weighted    = 39.000000
coreset_weights_sum          = 20.000000
findCenterGlobal2_time       = 0.014s
coreset_computeDistSum_time  = 0.005s
full_computeDistanceSum_time = 0.015s
best_cost(result.csv)        = 51.000000
diff(ours - best)            = 4.000000
improvement(best - ours)     = -4.000000
ratio(ours / best)           = 1.078431
comparison                   = worse_than_result_csv
-------------------------------------------------------
-------------------------------------------------------
[random_instance_225_160_3_coreset.json]
instance_uid                 = 
center_dist_on_full          = 12.000000
coreset_dist_sum_unweighted  = 6.000000
coreset_dist_sum_weighted    = 9.000000
coreset_weights_sum          = 3.000000
findCenterGlobal2_time       = 0.031s
coreset_computeDistSum_time  = 0.019s
full_computeDistanceSum_time = 0.037s
best_cost(result.csv)        = 10.000000
diff(ours - best)            = 2.000000
improvement(best - ours)     = -2.000000
ratio(ours / best)           = 1.200000
comparison                   = worse_than_result_csv
-------------------------------------------------------
-------------------------------------------------------
[random_instance_271_15_20_coreset.json]
instance_uid                 = 
center_dist_on_full          = 51.000000
coreset_dist_sum_unweighted  = 14.000000
coreset_dist_sum_weighted    = 43.000000
coreset_weights_sum          = 20.000000
findCenterGlobal2_time       = 0.021s
coreset_computeDistSum_time  = 0.006s
full_computeDistanceSum_time = 0.013s
best_cost(result.csv)        = 50.000000
diff(ours - best)            = 1.000000
improvement(best - ours)     = -1.000000
ratio(ours / best)           = 1.020000
comparison                   = worse_than_result_csv
-------------------------------------------------------
-------------------------------------------------------
[random_instance_286_15_5_coreset.json]
instance_uid                 = 
center_dist_on_full          = 14.000000
coreset_dist_sum_unweighted  = 7.000000
coreset_dist_sum_weighted    = 9.000000
coreset_weights_sum          = 5.000000
findCenterGlobal2_time       = 0.005s
coreset_computeDistSum_time  = 0.002s
full_computeDistanceSum_time = 0.004s
best_cost(result.csv)        = 13.000000
diff(ours - best)            = 1.000000
improvement(best - ours)     = -1.000000
ratio(ours / best)           = 1.076923
comparison                   = worse_than_result_csv
-------------------------------------------------------
-------------------------------------------------------
[random_instance_292_15_20_coreset.json]
instance_uid                 = 
center_dist_on_full          = 51.000000
coreset_dist_sum_unweighted  = 12.000000
coreset_dist_sum_weighted    = 36.000000
coreset_weights_sum          = 20.000000
findCenterGlobal2_time       = 0.017s
coreset_computeDistSum_time  = 0.003s
full_computeDistanceSum_time = 0.019s
best_cost(result.csv)        = 51.000000
diff(ours - best)            = 0.000000
improvement(best - ours)     = 0.000000
ratio(ours / best)           = 1.000000
comparison                   = equal_to_result_csv
-------------------------------------------------------
-------------------------------------------------------
[random_instance_299_40_10_coreset.json]
instance_uid                 = 
center_dist_on_full          = 38.000000
coreset_dist_sum_unweighted  = 8.000000
coreset_dist_sum_weighted    = 22.000000
coreset_weights_sum          = 10.000000
findCenterGlobal2_time       = 0.019s
coreset_computeDistSum_time  = 0.006s
full_computeDistanceSum_time = 0.029s
best_cost(result.csv)        = 30.000000
diff(ours - best)            = 8.000000
improvement(best - ours)     = -8.000000
ratio(ours / best)           = 1.266667
comparison                   = worse_than_result_csv
-------------------------------------------------------
-------------------------------------------------------
[random_instance_307_15_20_coreset.json]
instance_uid                 = 
center_dist_on_full          = 70.000000
coreset_dist_sum_unweighted  = 11.000000
coreset_dist_sum_weighted    = 35.000000
coreset_weights_sum          = 20.000000
findCenterGlobal2_time       = 0.016s
coreset_computeDistSum_time  = 0.003s
full_computeDistanceSum_time = 0.022s
best_cost(result.csv)        = 59.000000
diff(ours - best)            = 11.000000
improvement(best - ours)     = -11.000000
ratio(ours / best)           = 1.186441
comparison                   = worse_than_result_csv
-------------------------------------------------------
-------------------------------------------------------
[random_instance_312_80_2_coreset.json]
instance_uid                 = 
center_dist_on_full          = 6.000000
coreset_dist_sum_unweighted  = 6.000000
coreset_dist_sum_weighted    = 6.000000
coreset_weights_sum          = 2.000000
findCenterGlobal2_time       = 0.026s
coreset_computeDistSum_time  = 0.014s
full_computeDistanceSum_time = 0.014s
best_cost(result.csv)        = 6.000000
diff(ours - best)            = 0.000000
improvement(best - ours)     = 0.000000
ratio(ours / best)           = 1.000000
comparison                   = equal_to_result_csv
-------------------------------------------------------
-------------------------------------------------------
[random_instance_337_40_2_coreset.json]
instance_uid                 = 
center_dist_on_full          = 4.000000
coreset_dist_sum_unweighted  = 4.000000
coreset_dist_sum_weighted    = 4.000000
coreset_weights_sum          = 2.000000
findCenterGlobal2_time       = 0.008s
coreset_computeDistSum_time  = 0.003s
full_computeDistanceSum_time = 0.004s
best_cost(result.csv)        = 4.000000
diff(ours - best)            = 0.000000
improvement(best - ours)     = 0.000000
ratio(ours / best)           = 1.000000
comparison                   = equal_to_result_csv
-------------------------------------------------------
-------------------------------------------------------
[random_instance_34_320_2_coreset.json]
instance_uid                 = 
center_dist_on_full          = 9.000000
coreset_dist_sum_unweighted  = 9.000000
coreset_dist_sum_weighted    = 9.000000
coreset_weights_sum          = 2.000000
findCenterGlobal2_time       = 0.117s
coreset_computeDistSum_time  = 0.061s
full_computeDistanceSum_time = 0.060s
best_cost(result.csv)        = 8.000000
diff(ours - best)            = 1.000000
improvement(best - ours)     = -1.000000
ratio(ours / best)           = 1.125000
comparison                   = worse_than_result_csv
-------------------------------------------------------
-------------------------------------------------------
[random_instance_351_320_5_coreset.json]
instance_uid                 = 
center_dist_on_full          = 33.000000
coreset_dist_sum_unweighted  = 8.000000
coreset_dist_sum_weighted    = 14.000000
coreset_weights_sum          = 5.000000
findCenterGlobal2_time       = 0.118s
coreset_computeDistSum_time  = 0.063s
full_computeDistanceSum_time = 0.241s
best_cost(result.csv)        = 25.000000
diff(ours - best)            = 8.000000
improvement(best - ours)     = -8.000000
ratio(ours / best)           = 1.320000
comparison                   = worse_than_result_csv
-------------------------------------------------------
-------------------------------------------------------
[random_instance_353_80_10_coreset.json]
instance_uid                 = 
center_dist_on_full          = 43.000000
coreset_dist_sum_unweighted  = 25.000000
coreset_dist_sum_weighted    = 39.000000
coreset_weights_sum          = 10.000000
findCenterGlobal2_time       = 0.208s
coreset_computeDistSum_time  = 0.035s
full_computeDistanceSum_time = 0.064s
best_cost(result.csv)        = 39.000000
diff(ours - best)            = 4.000000
improvement(best - ours)     = -4.000000
ratio(ours / best)           = 1.102564
comparison                   = worse_than_result_csv
-------------------------------------------------------
-------------------------------------------------------
[random_instance_359_320_2_coreset.json]
instance_uid                 = 
center_dist_on_full          = 11.000000
coreset_dist_sum_unweighted  = 11.000000
coreset_dist_sum_weighted    = 11.000000
coreset_weights_sum          = 2.000000
findCenterGlobal2_time       = 0.117s
coreset_computeDistSum_time  = 0.071s
full_computeDistanceSum_time = 0.072s
best_cost(result.csv)        = 11.000000
diff(ours - best)            = 0.000000
improvement(best - ours)     = 0.000000
ratio(ours / best)           = 1.000000
comparison                   = equal_to_result_csv
-------------------------------------------------------
-------------------------------------------------------
[random_instance_36_80_3_coreset.json]
instance_uid                 = 
center_dist_on_full          = 13.000000
coreset_dist_sum_unweighted  = 13.000000
coreset_dist_sum_weighted    = 13.000000
coreset_weights_sum          = 3.000000
findCenterGlobal2_time       = 0.061s
coreset_computeDistSum_time  = 0.027s
full_computeDistanceSum_time = 0.030s
best_cost(result.csv)        = 13.000000
diff(ours - best)            = 0.000000
improvement(best - ours)     = 0.000000
ratio(ours / best)           = 1.000000
comparison                   = equal_to_result_csv
-------------------------------------------------------
-------------------------------------------------------
[random_instance_397_40_3_coreset.json]
instance_uid                 = 
center_dist_on_full          = 10.000000
coreset_dist_sum_unweighted  = 5.000000
coreset_dist_sum_weighted    = 7.000000
coreset_weights_sum          = 3.000000
findCenterGlobal2_time       = 0.008s
coreset_computeDistSum_time  = 0.005s
full_computeDistanceSum_time = 0.009s
best_cost(result.csv)        = 10.000000
diff(ours - best)            = 0.000000
improvement(best - ours)     = 0.000000
ratio(ours / best)           = 1.000000
comparison                   = equal_to_result_csv
-------------------------------------------------------
-------------------------------------------------------
[random_instance_402_40_20_coreset.json]
instance_uid                 = 
center_dist_on_full          = 88.000000
coreset_dist_sum_unweighted  = 27.000000
coreset_dist_sum_weighted    = 91.000000
coreset_weights_sum          = 20.000000
findCenterGlobal2_time       = 0.119s
coreset_computeDistSum_time  = 0.024s
full_computeDistanceSum_time = 0.071s
best_cost(result.csv)        = 81.000000
diff(ours - best)            = 7.000000
improvement(best - ours)     = -7.000000
ratio(ours / best)           = 1.086420
comparison                   = worse_than_result_csv
-------------------------------------------------------
-------------------------------------------------------
[random_instance_402_80_20_coreset.json]
instance_uid                 = 
center_dist_on_full          = 103.000000
coreset_dist_sum_unweighted  = 22.000000
coreset_dist_sum_weighted    = 86.000000
coreset_weights_sum          = 20.000000
findCenterGlobal2_time       = 0.185s
coreset_computeDistSum_time  = 0.039s
full_computeDistanceSum_time = 0.168s
best_cost(result.csv)        = 100.000000
diff(ours - best)            = 3.000000
improvement(best - ours)     = -3.000000
ratio(ours / best)           = 1.030000
comparison                   = worse_than_result_csv
-------------------------------------------------------
-------------------------------------------------------
[random_instance_410_160_5_coreset.json]
instance_uid                 = 
center_dist_on_full          = 25.000000
coreset_dist_sum_unweighted  = 12.000000
coreset_dist_sum_weighted    = 18.000000
coreset_weights_sum          = 5.000000
findCenterGlobal2_time       = 0.111s
coreset_computeDistSum_time  = 0.042s
full_computeDistanceSum_time = 0.084s
best_cost(result.csv)        = 21.000000
diff(ours - best)            = 4.000000
improvement(best - ours)     = -4.000000
ratio(ours / best)           = 1.190476
comparison                   = worse_than_result_csv
-------------------------------------------------------
-------------------------------------------------------
[random_instance_420_40_2_coreset.json]
instance_uid                 = 
center_dist_on_full          = 7.000000
coreset_dist_sum_unweighted  = 7.000000
coreset_dist_sum_weighted    = 7.000000
coreset_weights_sum          = 2.000000
findCenterGlobal2_time       = 0.010s
coreset_computeDistSum_time  = 0.005s
full_computeDistanceSum_time = 0.006s
best_cost(result.csv)        = 7.000000
diff(ours - best)            = 0.000000
improvement(best - ours)     = 0.000000
ratio(ours / best)           = 1.000000
comparison                   = equal_to_result_csv
-------------------------------------------------------
-------------------------------------------------------
[random_instance_422_320_10_coreset.json]
instance_uid                 = 
center_dist_on_full          = 53.000000
coreset_dist_sum_unweighted  = 32.000000
coreset_dist_sum_weighted    = 49.000000
coreset_weights_sum          = 10.000000
findCenterGlobal2_time       = 1.200s
coreset_computeDistSum_time  = 0.201s
full_computeDistanceSum_time = 0.343s
best_cost(result.csv)        = 53.000000
diff(ours - best)            = 0.000000
improvement(best - ours)     = 0.000000
ratio(ours / best)           = 1.000000
comparison                   = equal_to_result_csv
-------------------------------------------------------
-------------------------------------------------------
[random_instance_42_15_2_coreset.json]
instance_uid                 = 
center_dist_on_full          = 3.000000
coreset_dist_sum_unweighted  = 3.000000
coreset_dist_sum_weighted    = 3.000000
coreset_weights_sum          = 2.000000
findCenterGlobal2_time       = 0.002s
coreset_computeDistSum_time  = 0.001s
full_computeDistanceSum_time = 0.001s
best_cost(result.csv)        = 3.000000
diff(ours - best)            = 0.000000
improvement(best - ours)     = 0.000000
ratio(ours / best)           = 1.000000
comparison                   = equal_to_result_csv
-------------------------------------------------------
-------------------------------------------------------
[random_instance_440_160_20_coreset.json]
instance_uid                 = 
center_dist_on_full          = 122.000000
coreset_dist_sum_unweighted  = 26.000000
coreset_dist_sum_weighted    = 88.000000
coreset_weights_sum          = 20.000000
findCenterGlobal2_time       = 0.416s
coreset_computeDistSum_time  = 0.094s
full_computeDistanceSum_time = 0.421s
best_cost(result.csv)        = 105.000000
diff(ours - best)            = 17.000000
improvement(best - ours)     = -17.000000
ratio(ours / best)           = 1.161905
comparison                   = worse_than_result_csv
-------------------------------------------------------
-------------------------------------------------------
[random_instance_444_15_10_coreset.json]
instance_uid                 = 
center_dist_on_full          = 28.000000
coreset_dist_sum_unweighted  = 13.000000
coreset_dist_sum_weighted    = 24.000000
coreset_weights_sum          = 10.000000
findCenterGlobal2_time       = 0.014s
coreset_computeDistSum_time  = 0.003s
full_computeDistanceSum_time = 0.006s
best_cost(result.csv)        = 24.000000
diff(ours - best)            = 4.000000
improvement(best - ours)     = -4.000000
ratio(ours / best)           = 1.166667
comparison                   = worse_than_result_csv
-------------------------------------------------------
-------------------------------------------------------
[random_instance_453_320_5_coreset.json]
instance_uid                 = 
center_dist_on_full          = 28.000000
coreset_dist_sum_unweighted  = 14.000000
coreset_dist_sum_weighted    = 22.000000
coreset_weights_sum          = 5.000000
findCenterGlobal2_time       = 0.298s
coreset_computeDistSum_time  = 0.104s
full_computeDistanceSum_time = 0.205s
best_cost(result.csv)        = 26.000000
diff(ours - best)            = 2.000000
improvement(best - ours)     = -2.000000
ratio(ours / best)           = 1.076923
comparison                   = worse_than_result_csv
-------------------------------------------------------
-------------------------------------------------------
[random_instance_459_320_3_coreset.json]
instance_uid                 = 
center_dist_on_full          = 14.000000
coreset_dist_sum_unweighted  = 14.000000
coreset_dist_sum_weighted    = 14.000000
coreset_weights_sum          = 3.000000
findCenterGlobal2_time       = 0.323s
coreset_computeDistSum_time  = 0.122s
full_computeDistanceSum_time = 0.111s
best_cost(result.csv)        = 13.000000
diff(ours - best)            = 1.000000
improvement(best - ours)     = -1.000000
ratio(ours / best)           = 1.076923
comparison                   = worse_than_result_csv
-------------------------------------------------------
-------------------------------------------------------
[random_instance_476_80_3_coreset.json]
instance_uid                 = 
center_dist_on_full          = 13.000000
coreset_dist_sum_unweighted  = 7.000000
coreset_dist_sum_weighted    = 10.000000
coreset_weights_sum          = 3.000000
findCenterGlobal2_time       = 0.016s
coreset_computeDistSum_time  = 0.009s
full_computeDistanceSum_time = 0.020s
best_cost(result.csv)        = 13.000000
diff(ours - best)            = 0.000000
improvement(best - ours)     = 0.000000
ratio(ours / best)           = 1.000000
comparison                   = equal_to_result_csv
-------------------------------------------------------
-------------------------------------------------------
[random_instance_479_320_20_coreset.json]
instance_uid                 = 
center_dist_on_full          = 172.000000
coreset_dist_sum_unweighted  = 56.000000
coreset_dist_sum_weighted    = 146.000000
coreset_weights_sum          = 20.000000
findCenterGlobal2_time       = 2.993s
coreset_computeDistSum_time  = 0.401s
full_computeDistanceSum_time = 1.169s
best_cost(result.csv)        = 154.000000
diff(ours - best)            = 18.000000
improvement(best - ours)     = -18.000000
ratio(ours / best)           = 1.116883
comparison                   = worse_than_result_csv
-------------------------------------------------------
-------------------------------------------------------
[random_instance_482_80_2_coreset.json]
instance_uid                 = 
center_dist_on_full          = 8.000000
coreset_dist_sum_unweighted  = 8.000000
coreset_dist_sum_weighted    = 8.000000
coreset_weights_sum          = 2.000000
findCenterGlobal2_time       = 0.022s
coreset_computeDistSum_time  = 0.013s
full_computeDistanceSum_time = 0.013s
best_cost(result.csv)        = 8.000000
diff(ours - best)            = 0.000000
improvement(best - ours)     = 0.000000
ratio(ours / best)           = 1.000000
comparison                   = equal_to_result_csv
-------------------------------------------------------
-------------------------------------------------------
[random_instance_487_320_3_coreset.json]
instance_uid                 = 
center_dist_on_full          = 15.000000
coreset_dist_sum_unweighted  = 8.000000
coreset_dist_sum_weighted    = 12.000000
coreset_weights_sum          = 3.000000
findCenterGlobal2_time       = 0.094s
coreset_computeDistSum_time  = 0.062s
full_computeDistanceSum_time = 0.123s
best_cost(result.csv)        = 15.000000
diff(ours - best)            = 0.000000
improvement(best - ours)     = 0.000000
ratio(ours / best)           = 1.000000
comparison                   = equal_to_result_csv
-------------------------------------------------------
-------------------------------------------------------
[random_instance_493_160_5_coreset.json]
instance_uid                 = 
center_dist_on_full          = 29.000000
coreset_dist_sum_unweighted  = 7.000000
coreset_dist_sum_weighted    = 16.000000
coreset_weights_sum          = 5.000000
findCenterGlobal2_time       = 0.066s
coreset_computeDistSum_time  = 0.029s
full_computeDistanceSum_time = 0.105s
best_cost(result.csv)        = 23.000000
diff(ours - best)            = 6.000000
improvement(best - ours)     = -6.000000
ratio(ours / best)           = 1.260870
comparison                   = worse_than_result_csv
-------------------------------------------------------
-------------------------------------------------------
[random_instance_49_15_2_coreset.json]
instance_uid                 = 
center_dist_on_full          = 4.000000
coreset_dist_sum_unweighted  = 4.000000
coreset_dist_sum_weighted    = 4.000000
coreset_weights_sum          = 2.000000
findCenterGlobal2_time       = 0.003s
coreset_computeDistSum_time  = 0.001s
full_computeDistanceSum_time = 0.002s
best_cost(result.csv)        = 4.000000
diff(ours - best)            = 0.000000
improvement(best - ours)     = 0.000000
ratio(ours / best)           = 1.000000
comparison                   = equal_to_result_csv
-------------------------------------------------------
-------------------------------------------------------
[random_instance_4_40_2_coreset.json]
instance_uid                 = 
center_dist_on_full          = 6.000000
coreset_dist_sum_unweighted  = 6.000000
coreset_dist_sum_weighted    = 6.000000
coreset_weights_sum          = 2.000000
findCenterGlobal2_time       = 0.008s
coreset_computeDistSum_time  = 0.006s
full_computeDistanceSum_time = 0.006s
best_cost(result.csv)        = 6.000000
diff(ours - best)            = 0.000000
improvement(best - ours)     = 0.000000
ratio(ours / best)           = 1.000000
comparison                   = equal_to_result_csv
-------------------------------------------------------
-------------------------------------------------------
[random_instance_51_80_3_coreset.json]
instance_uid                 = 
center_dist_on_full          = 17.000000
coreset_dist_sum_unweighted  = 9.000000
coreset_dist_sum_weighted    = 13.000000
coreset_weights_sum          = 3.000000
findCenterGlobal2_time       = 0.022s
coreset_computeDistSum_time  = 0.011s
full_computeDistanceSum_time = 0.022s
best_cost(result.csv)        = 16.000000
diff(ours - best)            = 1.000000
improvement(best - ours)     = -1.000000
ratio(ours / best)           = 1.062500
comparison                   = worse_than_result_csv
-------------------------------------------------------
-------------------------------------------------------
[random_instance_543_40_5_coreset.json]
instance_uid                 = 
center_dist_on_full          = 16.000000
coreset_dist_sum_unweighted  = 8.000000
coreset_dist_sum_weighted    = 13.000000
coreset_weights_sum          = 5.000000
findCenterGlobal2_time       = 0.028s
coreset_computeDistSum_time  = 0.009s
full_computeDistanceSum_time = 0.016s
best_cost(result.csv)        = 16.000000
diff(ours - best)            = 0.000000
improvement(best - ours)     = 0.000000
ratio(ours / best)           = 1.000000
comparison                   = equal_to_result_csv
-------------------------------------------------------
-------------------------------------------------------
[random_instance_547_40_2_coreset.json]
instance_uid                 = 
center_dist_on_full          = 5.000000
coreset_dist_sum_unweighted  = 5.000000
coreset_dist_sum_weighted    = 5.000000
coreset_weights_sum          = 2.000000
findCenterGlobal2_time       = 0.007s
coreset_computeDistSum_time  = 0.005s
full_computeDistanceSum_time = 0.005s
best_cost(result.csv)        = 5.000000
diff(ours - best)            = 0.000000
improvement(best - ours)     = 0.000000
ratio(ours / best)           = 1.000000
comparison                   = equal_to_result_csv
-------------------------------------------------------
-------------------------------------------------------
[random_instance_552_320_20_coreset.json]
instance_uid                 = 
center_dist_on_full          = 154.000000
coreset_dist_sum_unweighted  = 42.000000
coreset_dist_sum_weighted    = 128.000000
coreset_weights_sum          = 20.000000
findCenterGlobal2_time       = 2.254s
coreset_computeDistSum_time  = 0.301s
full_computeDistanceSum_time = 1.109s
best_cost(result.csv)        = 138.000000
diff(ours - best)            = 16.000000
improvement(best - ours)     = -16.000000
ratio(ours / best)           = 1.115942
comparison                   = worse_than_result_csv
-------------------------------------------------------
-------------------------------------------------------
[random_instance_579_80_3_coreset.json]
instance_uid                 = 
center_dist_on_full          = 8.000000
coreset_dist_sum_unweighted  = 8.000000
coreset_dist_sum_weighted    = 8.000000
coreset_weights_sum          = 3.000000
findCenterGlobal2_time       = 0.036s
coreset_computeDistSum_time  = 0.012s
full_computeDistanceSum_time = 0.012s
best_cost(result.csv)        = 8.000000
diff(ours - best)            = 0.000000
improvement(best - ours)     = 0.000000
ratio(ours / best)           = 1.000000
comparison                   = equal_to_result_csv
-------------------------------------------------------
-------------------------------------------------------
[random_instance_600_320_3_coreset.json]
instance_uid                 = 
center_dist_on_full          = 10.000000
coreset_dist_sum_unweighted  = 10.000000
coreset_dist_sum_weighted    = 10.000000
coreset_weights_sum          = 3.000000
findCenterGlobal2_time       = 0.191s
coreset_computeDistSum_time  = 0.069s
full_computeDistanceSum_time = 0.079s
best_cost(result.csv)        = 9.000000
diff(ours - best)            = 1.000000
improvement(best - ours)     = -1.000000
ratio(ours / best)           = 1.111111
comparison                   = worse_than_result_csv
-------------------------------------------------------
-------------------------------------------------------
[random_instance_603_320_2_coreset.json]
instance_uid                 = 
center_dist_on_full          = 7.000000
coreset_dist_sum_unweighted  = 7.000000
coreset_dist_sum_weighted    = 7.000000
coreset_weights_sum          = 2.000000
findCenterGlobal2_time       = 0.074s
coreset_computeDistSum_time  = 0.050s
full_computeDistanceSum_time = 0.049s
best_cost(result.csv)        = 7.000000
diff(ours - best)            = 0.000000
improvement(best - ours)     = 0.000000
ratio(ours / best)           = 1.000000
comparison                   = equal_to_result_csv
-------------------------------------------------------
-------------------------------------------------------
[random_instance_603_40_20_coreset.json]
instance_uid                 = 
center_dist_on_full          = 92.000000
coreset_dist_sum_unweighted  = 25.000000
coreset_dist_sum_weighted    = 78.000000
coreset_weights_sum          = 20.000000
findCenterGlobal2_time       = 0.104s
coreset_computeDistSum_time  = 0.020s
full_computeDistanceSum_time = 0.072s
best_cost(result.csv)        = 81.000000
diff(ours - best)            = 11.000000
improvement(best - ours)     = -11.000000
ratio(ours / best)           = 1.135802
comparison                   = worse_than_result_csv
-------------------------------------------------------
-------------------------------------------------------
[random_instance_605_80_20_coreset.json]
instance_uid                 = 
center_dist_on_full          = 105.000000
coreset_dist_sum_unweighted  = 27.000000
coreset_dist_sum_weighted    = 85.000000
coreset_weights_sum          = 20.000000
findCenterGlobal2_time       = 0.297s
coreset_computeDistSum_time  = 0.045s
full_computeDistanceSum_time = 0.188s
best_cost(result.csv)        = 95.000000
diff(ours - best)            = 10.000000
improvement(best - ours)     = -10.000000
ratio(ours / best)           = 1.105263
comparison                   = worse_than_result_csv
-------------------------------------------------------
-------------------------------------------------------
[random_instance_650_80_10_coreset.json]
instance_uid                 = 
center_dist_on_full          = 54.000000
coreset_dist_sum_unweighted  = 18.000000
coreset_dist_sum_weighted    = 43.000000
coreset_weights_sum          = 10.000000
findCenterGlobal2_time       = 0.130s
coreset_computeDistSum_time  = 0.035s
full_computeDistanceSum_time = 0.087s
best_cost(result.csv)        = 49.000000
diff(ours - best)            = 5.000000
improvement(best - ours)     = -5.000000
ratio(ours / best)           = 1.102041
comparison                   = worse_than_result_csv
-------------------------------------------------------
-------------------------------------------------------
[random_instance_666_15_10_coreset.json]
instance_uid                 = 
center_dist_on_full          = 28.000000
coreset_dist_sum_unweighted  = 14.000000
coreset_dist_sum_weighted    = 26.000000
coreset_weights_sum          = 10.000000
findCenterGlobal2_time       = 0.015s
coreset_computeDistSum_time  = 0.004s
full_computeDistanceSum_time = 0.008s
best_cost(result.csv)        = 27.000000
diff(ours - best)            = 1.000000
improvement(best - ours)     = -1.000000
ratio(ours / best)           = 1.037037
comparison                   = worse_than_result_csv
-------------------------------------------------------
-------------------------------------------------------
[random_instance_668_160_5_coreset.json]
instance_uid                 = 
center_dist_on_full          = 30.000000
coreset_dist_sum_unweighted  = 14.000000
coreset_dist_sum_weighted    = 23.000000
coreset_weights_sum          = 5.000000
findCenterGlobal2_time       = 0.125s
coreset_computeDistSum_time  = 0.059s
full_computeDistanceSum_time = 0.113s
best_cost(result.csv)        = 27.000000
diff(ours - best)            = 3.000000
improvement(best - ours)     = -3.000000
ratio(ours / best)           = 1.111111
comparison                   = worse_than_result_csv
-------------------------------------------------------
-------------------------------------------------------
[random_instance_677_40_2_coreset.json]
instance_uid                 = 
center_dist_on_full          = 6.000000
coreset_dist_sum_unweighted  = 6.000000
coreset_dist_sum_weighted    = 6.000000
coreset_weights_sum          = 2.000000
findCenterGlobal2_time       = 0.013s
coreset_computeDistSum_time  = 0.005s
full_computeDistanceSum_time = 0.005s
best_cost(result.csv)        = 7.000000
diff(ours - best)            = -1.000000
improvement(best - ours)     = 1.000000
ratio(ours / best)           = 0.857143
comparison                   = better_than_result_csv
-------------------------------------------------------
-------------------------------------------------------
[random_instance_683_40_10_coreset.json]
instance_uid                 = 
center_dist_on_full          = 38.000000
coreset_dist_sum_unweighted  = 17.000000
coreset_dist_sum_weighted    = 29.000000
coreset_weights_sum          = 10.000000
findCenterGlobal2_time       = 0.054s
coreset_computeDistSum_time  = 0.016s
full_computeDistanceSum_time = 0.030s
best_cost(result.csv)        = 30.000000
diff(ours - best)            = 8.000000
improvement(best - ours)     = -8.000000
ratio(ours / best)           = 1.266667
comparison                   = worse_than_result_csv
-------------------------------------------------------
-------------------------------------------------------
[random_instance_689_160_2_coreset.json]
instance_uid                 = 
center_dist_on_full          = 10.000000
coreset_dist_sum_unweighted  = 10.000000
coreset_dist_sum_weighted    = 10.000000
coreset_weights_sum          = 2.000000
findCenterGlobal2_time       = 0.063s
coreset_computeDistSum_time  = 0.041s
full_computeDistanceSum_time = 0.032s
best_cost(result.csv)        = 10.000000
diff(ours - best)            = 0.000000
improvement(best - ours)     = 0.000000
ratio(ours / best)           = 1.000000
comparison                   = equal_to_result_csv
-------------------------------------------------------
-------------------------------------------------------
[random_instance_694_15_3_coreset.json]
instance_uid                 = 
center_dist_on_full          = 6.000000
coreset_dist_sum_unweighted  = 3.000000
coreset_dist_sum_weighted    = 4.000000
coreset_weights_sum          = 3.000000
findCenterGlobal2_time       = 0.003s
coreset_computeDistSum_time  = 0.001s
full_computeDistanceSum_time = 0.002s
best_cost(result.csv)        = 5.000000
diff(ours - best)            = 1.000000
improvement(best - ours)     = -1.000000
ratio(ours / best)           = 1.200000
comparison                   = worse_than_result_csv
-------------------------------------------------------
-------------------------------------------------------
[random_instance_699_320_20_coreset.json]
instance_uid                 = 
center_dist_on_full          = 67.000000
coreset_dist_sum_unweighted  = 7.000000
coreset_dist_sum_weighted    = 41.000000
coreset_weights_sum          = 20.000000
findCenterGlobal2_time       = 0.147s
coreset_computeDistSum_time  = 0.052s
full_computeDistanceSum_time = 0.482s
best_cost(result.csv)        = 63.000000
diff(ours - best)            = 4.000000
improvement(best - ours)     = -4.000000
ratio(ours / best)           = 1.063492
comparison                   = worse_than_result_csv
-------------------------------------------------------
-------------------------------------------------------
[random_instance_73_160_10_coreset.json]
instance_uid                 = 
center_dist_on_full          = 49.000000
coreset_dist_sum_unweighted  = 16.000000
coreset_dist_sum_weighted    = 37.000000
coreset_weights_sum          = 10.000000
findCenterGlobal2_time       = 0.211s
coreset_computeDistSum_time  = 0.071s
full_computeDistanceSum_time = 0.194s
best_cost(result.csv)        = 48.000000
diff(ours - best)            = 1.000000
improvement(best - ours)     = -1.000000
ratio(ours / best)           = 1.020833
comparison                   = worse_than_result_csv
-------------------------------------------------------
-------------------------------------------------------
[random_instance_757_15_5_coreset.json]
instance_uid                 = 
center_dist_on_full          = 17.000000
coreset_dist_sum_unweighted  = 7.000000
coreset_dist_sum_weighted    = 9.000000
coreset_weights_sum          = 5.000000
findCenterGlobal2_time       = 0.008s
coreset_computeDistSum_time  = 0.003s
full_computeDistanceSum_time = 0.005s
best_cost(result.csv)        = 16.000000
diff(ours - best)            = 1.000000
improvement(best - ours)     = -1.000000
ratio(ours / best)           = 1.062500
comparison                   = worse_than_result_csv
-------------------------------------------------------
-------------------------------------------------------
[random_instance_771_15_20_coreset.json]
instance_uid                 = 
center_dist_on_full          = 51.000000
coreset_dist_sum_unweighted  = 14.000000
coreset_dist_sum_weighted    = 44.000000
coreset_weights_sum          = 20.000000
findCenterGlobal2_time       = 0.018s
coreset_computeDistSum_time  = 0.005s
full_computeDistanceSum_time = 0.015s
best_cost(result.csv)        = 52.000000
diff(ours - best)            = -1.000000
improvement(best - ours)     = 1.000000
ratio(ours / best)           = 0.980769
comparison                   = better_than_result_csv
-------------------------------------------------------
-------------------------------------------------------
[random_instance_783_80_2_coreset.json]
instance_uid                 = 
center_dist_on_full          = 5.000000
coreset_dist_sum_unweighted  = 5.000000
coreset_dist_sum_weighted    = 5.000000
coreset_weights_sum          = 2.000000
findCenterGlobal2_time       = 0.015s
coreset_computeDistSum_time  = 0.009s
full_computeDistanceSum_time = 0.009s
best_cost(result.csv)        = 5.000000
diff(ours - best)            = 0.000000
improvement(best - ours)     = 0.000000
ratio(ours / best)           = 1.000000
comparison                   = equal_to_result_csv
-------------------------------------------------------
-------------------------------------------------------
[random_instance_784_15_2_coreset.json]
instance_uid                 = 
center_dist_on_full          = 3.000000
coreset_dist_sum_unweighted  = 3.000000
coreset_dist_sum_weighted    = 3.000000
coreset_weights_sum          = 2.000000
findCenterGlobal2_time       = 0.002s
coreset_computeDistSum_time  = 0.001s
full_computeDistanceSum_time = 0.001s
best_cost(result.csv)        = 3.000000
diff(ours - best)            = 0.000000
improvement(best - ours)     = 0.000000
ratio(ours / best)           = 1.000000
comparison                   = equal_to_result_csv
-------------------------------------------------------
-------------------------------------------------------
[random_instance_786_320_5_coreset.json]
instance_uid                 = 
center_dist_on_full          = 33.000000
coreset_dist_sum_unweighted  = 17.000000
coreset_dist_sum_weighted    = 27.000000
coreset_weights_sum          = 5.000000
findCenterGlobal2_time       = 0.359s
coreset_computeDistSum_time  = 0.122s
full_computeDistanceSum_time = 0.242s
best_cost(result.csv)        = 28.000000
diff(ours - best)            = 5.000000
improvement(best - ours)     = -5.000000
ratio(ours / best)           = 1.178571
comparison                   = worse_than_result_csv
-------------------------------------------------------
-------------------------------------------------------
[random_instance_78_40_10_coreset.json]
instance_uid                 = 
center_dist_on_full          = 33.000000
coreset_dist_sum_unweighted  = 12.000000
coreset_dist_sum_weighted    = 26.000000
coreset_weights_sum          = 10.000000
findCenterGlobal2_time       = 0.035s
coreset_computeDistSum_time  = 0.009s
full_computeDistanceSum_time = 0.028s
best_cost(result.csv)        = 27.000000
diff(ours - best)            = 6.000000
improvement(best - ours)     = -6.000000
ratio(ours / best)           = 1.222222
comparison                   = worse_than_result_csv
-------------------------------------------------------
-------------------------------------------------------
[random_instance_792_80_5_coreset.json]
instance_uid                 = 
center_dist_on_full          = 20.000000
coreset_dist_sum_unweighted  = 15.000000
coreset_dist_sum_weighted    = 18.000000
coreset_weights_sum          = 5.000000
findCenterGlobal2_time       = 0.104s
coreset_computeDistSum_time  = 0.026s
full_computeDistanceSum_time = 0.038s
best_cost(result.csv)        = 20.000000
diff(ours - best)            = 0.000000
improvement(best - ours)     = 0.000000
ratio(ours / best)           = 1.000000
comparison                   = equal_to_result_csv
-------------------------------------------------------
-------------------------------------------------------
[random_instance_798_80_3_coreset.json]
instance_uid                 = 
center_dist_on_full          = 10.000000
coreset_dist_sum_unweighted  = 10.000000
coreset_dist_sum_weighted    = 10.000000
coreset_weights_sum          = 3.000000
findCenterGlobal2_time       = 0.036s
coreset_computeDistSum_time  = 0.014s
full_computeDistanceSum_time = 0.014s
best_cost(result.csv)        = 9.000000
diff(ours - best)            = 1.000000
improvement(best - ours)     = -1.000000
ratio(ours / best)           = 1.111111
comparison                   = worse_than_result_csv
-------------------------------------------------------
-------------------------------------------------------
[random_instance_823_320_3_coreset.json]
instance_uid                 = 
center_dist_on_full          = 16.000000
coreset_dist_sum_unweighted  = 16.000000
coreset_dist_sum_weighted    = 16.000000
coreset_weights_sum          = 3.000000
findCenterGlobal2_time       = 0.342s
coreset_computeDistSum_time  = 0.114s
full_computeDistanceSum_time = 0.147s
best_cost(result.csv)        = 15.000000
diff(ours - best)            = 1.000000
improvement(best - ours)     = -1.000000
ratio(ours / best)           = 1.066667
comparison                   = worse_than_result_csv
-------------------------------------------------------
-------------------------------------------------------
[random_instance_826_320_20_coreset.json]
instance_uid                 = 
center_dist_on_full          = 175.000000
coreset_dist_sum_unweighted  = 59.000000
coreset_dist_sum_weighted    = 137.000000
coreset_weights_sum          = 20.000000
findCenterGlobal2_time       = 3.157s
coreset_computeDistSum_time  = 0.407s
full_computeDistanceSum_time = 1.253s
best_cost(result.csv)        = 154.000000
diff(ours - best)            = 21.000000
improvement(best - ours)     = -21.000000
ratio(ours / best)           = 1.136364
comparison                   = worse_than_result_csv
-------------------------------------------------------
-------------------------------------------------------
[random_instance_835_160_3_coreset.json]
instance_uid                 = 
center_dist_on_full          = 15.000000
coreset_dist_sum_unweighted  = 15.000000
coreset_dist_sum_weighted    = 15.000000
coreset_weights_sum          = 3.000000
findCenterGlobal2_time       = 0.150s
coreset_computeDistSum_time  = 0.047s
full_computeDistanceSum_time = 0.047s
best_cost(result.csv)        = 14.000000
diff(ours - best)            = 1.000000
improvement(best - ours)     = -1.000000
ratio(ours / best)           = 1.071429
comparison                   = worse_than_result_csv
-------------------------------------------------------
-------------------------------------------------------
[random_instance_837_40_10_coreset.json]
instance_uid                 = 
center_dist_on_full          = 38.000000
coreset_dist_sum_unweighted  = 14.000000
coreset_dist_sum_weighted    = 37.000000
coreset_weights_sum          = 10.000000
findCenterGlobal2_time       = 0.039s
coreset_computeDistSum_time  = 0.010s
full_computeDistanceSum_time = 0.031s
best_cost(result.csv)        = 35.000000
diff(ours - best)            = 3.000000
improvement(best - ours)     = -3.000000
ratio(ours / best)           = 1.085714
comparison                   = worse_than_result_csv
-------------------------------------------------------
-------------------------------------------------------
[random_instance_838_80_10_coreset.json]
instance_uid                 = 
center_dist_on_full          = 39.000000
coreset_dist_sum_unweighted  = 8.000000
coreset_dist_sum_weighted    = 24.000000
coreset_weights_sum          = 10.000000
findCenterGlobal2_time       = 0.032s
coreset_computeDistSum_time  = 0.015s
full_computeDistanceSum_time = 0.064s
best_cost(result.csv)        = 35.000000
diff(ours - best)            = 4.000000
improvement(best - ours)     = -4.000000
ratio(ours / best)           = 1.114286
comparison                   = worse_than_result_csv
-------------------------------------------------------
-------------------------------------------------------
[random_instance_83_160_10_coreset.json]
instance_uid                 = 
center_dist_on_full          = 56.000000
coreset_dist_sum_unweighted  = 32.000000
coreset_dist_sum_weighted    = 46.000000
coreset_weights_sum          = 10.000000
findCenterGlobal2_time       = 0.653s
coreset_computeDistSum_time  = 0.121s
full_computeDistanceSum_time = 0.216s
best_cost(result.csv)        = 52.000000
diff(ours - best)            = 4.000000
improvement(best - ours)     = -4.000000
ratio(ours / best)           = 1.076923
comparison                   = worse_than_result_csv
-------------------------------------------------------
-------------------------------------------------------
[random_instance_840_15_3_coreset.json]
instance_uid                 = 
center_dist_on_full          = 9.000000
coreset_dist_sum_unweighted  = 9.000000
coreset_dist_sum_weighted    = 9.000000
coreset_weights_sum          = 3.000000
findCenterGlobal2_time       = 0.007s
coreset_computeDistSum_time  = 0.002s
full_computeDistanceSum_time = 0.002s
best_cost(result.csv)        = 9.000000
diff(ours - best)            = 0.000000
improvement(best - ours)     = 0.000000
ratio(ours / best)           = 1.000000
comparison                   = equal_to_result_csv
-------------------------------------------------------
-------------------------------------------------------
[random_instance_840_160_20_coreset.json]
instance_uid                 = 
center_dist_on_full          = 126.000000
coreset_dist_sum_unweighted  = 26.000000
coreset_dist_sum_weighted    = 102.000000
coreset_weights_sum          = 20.000000
findCenterGlobal2_time       = 0.439s
coreset_computeDistSum_time  = 0.084s
full_computeDistanceSum_time = 0.415s
best_cost(result.csv)        = 108.000000
diff(ours - best)            = 18.000000
improvement(best - ours)     = -18.000000
ratio(ours / best)           = 1.166667
comparison                   = worse_than_result_csv
-------------------------------------------------------
-------------------------------------------------------
[random_instance_862_160_2_coreset.json]
instance_uid                 = 
center_dist_on_full          = 7.000000
coreset_dist_sum_unweighted  = 7.000000
coreset_dist_sum_weighted    = 7.000000
coreset_weights_sum          = 2.000000
findCenterGlobal2_time       = 0.036s
coreset_computeDistSum_time  = 0.022s
full_computeDistanceSum_time = 0.023s
best_cost(result.csv)        = 7.000000
diff(ours - best)            = 0.000000
improvement(best - ours)     = 0.000000
ratio(ours / best)           = 1.000000
comparison                   = equal_to_result_csv
-------------------------------------------------------
-------------------------------------------------------
[random_instance_881_320_10_coreset.json]
instance_uid                 = 
center_dist_on_full          = 65.000000
coreset_dist_sum_unweighted  = 22.000000
coreset_dist_sum_weighted    = 51.000000
coreset_weights_sum          = 10.000000
findCenterGlobal2_time       = 0.687s
coreset_computeDistSum_time  = 0.172s
full_computeDistanceSum_time = 0.496s
best_cost(result.csv)        = 58.000000
diff(ours - best)            = 7.000000
improvement(best - ours)     = -7.000000
ratio(ours / best)           = 1.120690
comparison                   = worse_than_result_csv
-------------------------------------------------------
-------------------------------------------------------
[random_instance_887_80_2_coreset.json]
instance_uid                 = 
center_dist_on_full          = 5.000000
coreset_dist_sum_unweighted  = 5.000000
coreset_dist_sum_weighted    = 5.000000
coreset_weights_sum          = 2.000000
findCenterGlobal2_time       = 0.012s
coreset_computeDistSum_time  = 0.007s
full_computeDistanceSum_time = 0.006s
best_cost(result.csv)        = 5.000000
diff(ours - best)            = 0.000000
improvement(best - ours)     = 0.000000
ratio(ours / best)           = 1.000000
comparison                   = equal_to_result_csv
-------------------------------------------------------
-------------------------------------------------------
[random_instance_891_15_20_coreset.json]
instance_uid                 = 
center_dist_on_full          = 64.000000
coreset_dist_sum_unweighted  = 13.000000
coreset_dist_sum_weighted    = 38.000000
coreset_weights_sum          = 20.000000
findCenterGlobal2_time       = 0.019s
coreset_computeDistSum_time  = 0.004s
full_computeDistanceSum_time = 0.016s
best_cost(result.csv)        = 56.000000
diff(ours - best)            = 8.000000
improvement(best - ours)     = -8.000000
ratio(ours / best)           = 1.142857
comparison                   = worse_than_result_csv
-------------------------------------------------------
-------------------------------------------------------
[random_instance_900_40_20_coreset.json]
instance_uid                 = 
center_dist_on_full          = 81.000000
coreset_dist_sum_unweighted  = 14.000000
coreset_dist_sum_weighted    = 64.000000
coreset_weights_sum          = 20.000000
findCenterGlobal2_time       = 0.041s
coreset_computeDistSum_time  = 0.011s
full_computeDistanceSum_time = 0.059s
best_cost(result.csv)        = 73.000000
diff(ours - best)            = 8.000000
improvement(best - ours)     = -8.000000
ratio(ours / best)           = 1.109589
comparison                   = worse_than_result_csv
-------------------------------------------------------
-------------------------------------------------------
[random_instance_905_15_2_coreset.json]
instance_uid                 = 
center_dist_on_full          = 4.000000
coreset_dist_sum_unweighted  = 4.000000
coreset_dist_sum_weighted    = 4.000000
coreset_weights_sum          = 2.000000
findCenterGlobal2_time       = 0.003s
coreset_computeDistSum_time  = 0.001s
full_computeDistanceSum_time = 0.001s
best_cost(result.csv)        = 4.000000
diff(ours - best)            = 0.000000
improvement(best - ours)     = 0.000000
ratio(ours / best)           = 1.000000
comparison                   = equal_to_result_csv
-------------------------------------------------------
-------------------------------------------------------
[random_instance_90_320_5_coreset.json]
instance_uid                 = 
center_dist_on_full          = 20.000000
coreset_dist_sum_unweighted  = 10.000000
coreset_dist_sum_weighted    = 16.000000
coreset_weights_sum          = 5.000000
findCenterGlobal2_time       = 0.190s
coreset_computeDistSum_time  = 0.074s
full_computeDistanceSum_time = 0.145s
best_cost(result.csv)        = 20.000000
diff(ours - best)            = 0.000000
improvement(best - ours)     = 0.000000
ratio(ours / best)           = 1.000000
comparison                   = equal_to_result_csv
-------------------------------------------------------
-------------------------------------------------------
[random_instance_915_320_20_coreset.json]
instance_uid                 = 
center_dist_on_full          = 171.000000
coreset_dist_sum_unweighted  = 24.000000
coreset_dist_sum_weighted    = 100.000000
coreset_weights_sum          = 20.000000
findCenterGlobal2_time       = 0.717s
coreset_computeDistSum_time  = 0.172s
full_computeDistanceSum_time = 1.300s
best_cost(result.csv)        = 139.000000
diff(ours - best)            = 32.000000
improvement(best - ours)     = -32.000000
ratio(ours / best)           = 1.230216
comparison                   = worse_than_result_csv
-------------------------------------------------------
-------------------------------------------------------
[random_instance_925_80_2_coreset.json]
instance_uid                 = 
center_dist_on_full          = 7.000000
coreset_dist_sum_unweighted  = 7.000000
coreset_dist_sum_weighted    = 7.000000
coreset_weights_sum          = 2.000000
findCenterGlobal2_time       = 0.023s
coreset_computeDistSum_time  = 0.012s
full_computeDistanceSum_time = 0.012s
best_cost(result.csv)        = 7.000000
diff(ours - best)            = 0.000000
improvement(best - ours)     = 0.000000
ratio(ours / best)           = 1.000000
comparison                   = equal_to_result_csv
-------------------------------------------------------
-------------------------------------------------------
[random_instance_93_40_10_coreset.json]
instance_uid                 = 
center_dist_on_full          = 43.000000
coreset_dist_sum_unweighted  = 19.000000
coreset_dist_sum_weighted    = 35.000000
coreset_weights_sum          = 10.000000
findCenterGlobal2_time       = 0.071s
coreset_computeDistSum_time  = 0.015s
full_computeDistanceSum_time = 0.032s
best_cost(result.csv)        = 40.000000
diff(ours - best)            = 3.000000
improvement(best - ours)     = -3.000000
ratio(ours / best)           = 1.075000
comparison                   = worse_than_result_csv
-------------------------------------------------------
-------------------------------------------------------
[random_instance_946_40_20_coreset.json]
instance_uid                 = 
center_dist_on_full          = 76.000000
coreset_dist_sum_unweighted  = 13.000000
coreset_dist_sum_weighted    = 38.000000
coreset_weights_sum          = 20.000000
findCenterGlobal2_time       = 0.036s
coreset_computeDistSum_time  = 0.011s
full_computeDistanceSum_time = 0.059s
best_cost(result.csv)        = 66.000000
diff(ours - best)            = 10.000000
improvement(best - ours)     = -10.000000
ratio(ours / best)           = 1.151515
comparison                   = worse_than_result_csv
-------------------------------------------------------
-------------------------------------------------------
[random_instance_960_160_2_coreset.json]
instance_uid                 = 
center_dist_on_full          = 9.000000
coreset_dist_sum_unweighted  = 9.000000
coreset_dist_sum_weighted    = 9.000000
coreset_weights_sum          = 2.000000
findCenterGlobal2_time       = 0.046s
coreset_computeDistSum_time  = 0.027s
full_computeDistanceSum_time = 0.029s
best_cost(result.csv)        = 8.000000
diff(ours - best)            = 1.000000
improvement(best - ours)     = -1.000000
ratio(ours / best)           = 1.125000
comparison                   = worse_than_result_csv
-------------------------------------------------------
-------------------------------------------------------
[random_instance_966_40_2_coreset.json]
instance_uid                 = 
center_dist_on_full          = 5.000000
coreset_dist_sum_unweighted  = 5.000000
coreset_dist_sum_weighted    = 5.000000
coreset_weights_sum          = 2.000000
findCenterGlobal2_time       = 0.007s
coreset_computeDistSum_time  = 0.004s
full_computeDistanceSum_time = 0.004s
best_cost(result.csv)        = 5.000000
diff(ours - best)            = 0.000000
improvement(best - ours)     = 0.000000
ratio(ours / best)           = 1.000000
comparison                   = equal_to_result_csv
-------------------------------------------------------
-------------------------------------------------------
[random_instance_973_80_3_coreset.json]
instance_uid                 = 
center_dist_on_full          = 10.000000
coreset_dist_sum_unweighted  = 10.000000
coreset_dist_sum_weighted    = 10.000000
coreset_weights_sum          = 3.000000
findCenterGlobal2_time       = 0.046s
coreset_computeDistSum_time  = 0.018s
full_computeDistanceSum_time = 0.019s
best_cost(result.csv)        = 9.000000
diff(ours - best)            = 1.000000
improvement(best - ours)     = -1.000000
ratio(ours / best)           = 1.111111
comparison                   = worse_than_result_csv
-------------------------------------------------------
-------------------------------------------------------
[random_instance_976_15_20_coreset.json]
instance_uid                 = 
center_dist_on_full          = 59.000000
coreset_dist_sum_unweighted  = 5.000000
coreset_dist_sum_weighted    = 28.000000
coreset_weights_sum          = 20.000000
findCenterGlobal2_time       = 0.007s
coreset_computeDistSum_time  = 0.002s
full_computeDistanceSum_time = 0.016s
best_cost(result.csv)        = 52.000000
diff(ours - best)            = 7.000000
improvement(best - ours)     = -7.000000
ratio(ours / best)           = 1.134615
comparison                   = worse_than_result_csv
-------------------------------------------------------
-------------------------------------------------------
[random_instance_982_320_10_coreset.json]
instance_uid                 = 
center_dist_on_full          = 77.000000
coreset_dist_sum_unweighted  = 43.000000
coreset_dist_sum_weighted    = 65.000000
coreset_weights_sum          = 10.000000
findCenterGlobal2_time       = 2.007s
coreset_computeDistSum_time  = 0.368s
full_computeDistanceSum_time = 0.594s
best_cost(result.csv)        = 71.000000
diff(ours - best)            = 6.000000
improvement(best - ours)     = -6.000000
ratio(ours / best)           = 1.084507
comparison                   = worse_than_result_csv
-------------------------------------------------------
-------------------------------------------------------
[random_instance_995_160_5_coreset.json]
instance_uid                 = 
center_dist_on_full          = 26.000000
coreset_dist_sum_unweighted  = 25.000000
coreset_dist_sum_weighted    = 25.000000
coreset_weights_sum          = 5.000000
findCenterGlobal2_time       = 0.446s
coreset_computeDistSum_time  = 0.093s
full_computeDistanceSum_time = 0.096s
best_cost(result.csv)        = 25.000000
diff(ours - best)            = 1.000000
improvement(best - ours)     = -1.000000
ratio(ours / best)           = 1.040000
comparison                   = worse_than_result_csv
-------------------------------------------------------
-------------------------------------------------------
[random_instance_995_320_10_coreset.json]
instance_uid                 = 
center_dist_on_full          = 64.000000
coreset_dist_sum_unweighted  = 30.000000
coreset_dist_sum_weighted    = 53.000000
coreset_weights_sum          = 10.000000
findCenterGlobal2_time       = 1.191s
coreset_computeDistSum_time  = 0.223s
full_computeDistanceSum_time = 0.635s
best_cost(result.csv)        = 59.000000
diff(ours - best)            = 5.000000
improvement(best - ours)     = -5.000000
ratio(ours / best)           = 1.084746
comparison                   = worse_than_result_csv
-------------------------------------------------------
-------------------------------------------------------
[random_instance_996_40_20_coreset.json]
instance_uid                 = 
center_dist_on_full          = 87.000000
coreset_dist_sum_unweighted  = 27.000000
coreset_dist_sum_weighted    = 74.000000
coreset_weights_sum          = 20.000000
findCenterGlobal2_time       = 0.134s
coreset_computeDistSum_time  = 0.023s
full_computeDistanceSum_time = 0.076s
best_cost(result.csv)        = 74.000000
diff(ours - best)            = 13.000000
improvement(best - ours)     = -13.000000
ratio(ours / best)           = 1.175676
comparison                   = worse_than_result_csv
-------------------------------------------------------
-------------------------------------------------------
[rirs-1000-20-ee506ff1_coreset.json]
instance_uid                 = 
center_dist_on_full          = 239.000000
coreset_dist_sum_unweighted  = 76.000000
coreset_dist_sum_weighted    = 207.000000
coreset_weights_sum          = 20.000000
findCenterGlobal2_time       = 19.863s
coreset_computeDistSum_time  = 2.337s
full_computeDistanceSum_time = 7.389s
best_cost(result.csv)        = 235.000000
diff(ours - best)            = 4.000000
improvement(best - ours)     = -4.000000
ratio(ours / best)           = 1.017021
comparison                   = worse_than_result_csv
-------------------------------------------------------
-------------------------------------------------------
[rirs-1000-50-efb3c1bd_coreset.json]
instance_uid                 = 
center_dist_on_full          = 646.000000
coreset_dist_sum_unweighted  = 92.000000
coreset_dist_sum_weighted    = 525.000000
coreset_weights_sum          = 50.000000
findCenterGlobal2_time       = 32.140s
coreset_computeDistSum_time  = 2.936s
full_computeDistanceSum_time = 20.561s
best_cost(result.csv)        = 613.000000
diff(ours - best)            = 33.000000
improvement(best - ours)     = -33.000000
ratio(ours / best)           = 1.053834
comparison                   = worse_than_result_csv
-------------------------------------------------------
-------------------------------------------------------
[rirs-1000-75-50e9d715_coreset.json]
instance_uid                 = 
center_dist_on_full          = 962.000000
coreset_dist_sum_unweighted  = 109.000000
coreset_dist_sum_weighted    = 859.000000
coreset_weights_sum          = 75.000000
findCenterGlobal2_time       = 37.745s
coreset_computeDistSum_time  = 3.062s
full_computeDistanceSum_time = 28.657s
best_cost(result.csv)        = 931.000000
diff(ours - best)            = 31.000000
improvement(best - ours)     = -31.000000
ratio(ours / best)           = 1.033298
comparison                   = worse_than_result_csv
-------------------------------------------------------
-------------------------------------------------------
[rirs-10000-20-85b95253_coreset.json]
instance_uid                 = 
center_dist_on_full          = 334.000000
coreset_dist_sum_unweighted  = 90.000000
coreset_dist_sum_weighted    = 282.000000
coreset_weights_sum          = 20.000000
findCenterGlobal2_time       = 319.722s
coreset_computeDistSum_time  = 44.760s
full_computeDistanceSum_time = 177.805s
best_cost(result.csv)        = 311.000000
diff(ours - best)            = 23.000000
improvement(best - ours)     = -23.000000
ratio(ours / best)           = 1.073955
comparison                   = worse_than_result_csv
-------------------------------------------------------
-------------------------------------------------------
[rirs-10000-50-918ee15c_coreset.json]
instance_uid                 = 
center_dist_on_full          = 868.000000
coreset_dist_sum_unweighted  = 129.000000
coreset_dist_sum_weighted    = 747.000000
coreset_weights_sum          = 50.000000
findCenterGlobal2_time       = 684.681s
coreset_computeDistSum_time  = 67.061s
full_computeDistanceSum_time = 481.076s
best_cost(result.csv)        = 832.000000
diff(ours - best)            = 36.000000
improvement(best - ours)     = -36.000000
ratio(ours / best)           = 1.043269
comparison                   = worse_than_result_csv
-------------------------------------------------------
-------------------------------------------------------
[rirs-10000-75-08dd7dc1_coreset.json]
instance_uid                 = 
center_dist_on_full          = 1322.000000
coreset_dist_sum_unweighted  = 143.000000
coreset_dist_sum_weighted    = 1103.000000
coreset_weights_sum          = 75.000000
findCenterGlobal2_time       = 914.931s
coreset_computeDistSum_time  = 81.244s
full_computeDistanceSum_time = 747.744s
best_cost(result.csv)        = 1240.000000
diff(ours - best)            = 82.000000
improvement(best - ours)     = -82.000000
ratio(ours / best)           = 1.066129
comparison                   = worse_than_result_csv
-------------------------------------------------------
-------------------------------------------------------
[rirs-12500-100-0c057cab_coreset.json]
instance_uid                 = 
center_dist_on_full          = 1847.000000
coreset_dist_sum_unweighted  = 130.000000
coreset_dist_sum_weighted    = 1510.000000
coreset_weights_sum          = 100.000000
findCenterGlobal2_time       = 869.253s
coreset_computeDistSum_time  = 95.409s
full_computeDistanceSum_time = 1361.943s
best_cost(result.csv)        = 1695.000000
diff(ours - best)            = 152.000000
improvement(best - ours)     = -152.000000
ratio(ours / best)           = 1.089676
comparison                   = worse_than_result_csv
-------------------------------------------------------
-------------------------------------------------------
[rirs-12500-20-dd322248_coreset.json]
instance_uid                 = 
center_dist_on_full          = 349.000000
coreset_dist_sum_unweighted  = 113.000000
coreset_dist_sum_weighted    = 294.000000
coreset_weights_sum          = 20.000000
findCenterGlobal2_time       = 650.930s
coreset_computeDistSum_time  = 81.392s
full_computeDistanceSum_time = 249.209s
best_cost(result.csv)        = 331.000000
diff(ours - best)            = 18.000000
improvement(best - ours)     = -18.000000
ratio(ours / best)           = 1.054381
comparison                   = worse_than_result_csv
-------------------------------------------------------
========== solve_from_coreset (findCenterGlobal2 + coreset weighted sum) ==========
Time: 2026-01-20 10:12:37
benchmark_dir = ../data/benchmark_instances
coreset_dir   = ../data/coreset_instance_260118
result_csv    = ../result.csv

-------------------------------------------------------
[random_instance_110_15_3_coreset.json]
instance_uid                 = 
center_dist_on_full          = 9.000000
coreset_dist_sum_unweighted  = 9.000000
coreset_dist_sum_weighted    = 9.000000
coreset_weights_sum          = 3.000000
findCenterGlobal2_time       = 0.008s
coreset_computeDistSum_time  = 0.004s
full_computeDistanceSum_time = 0.003s
best_cost(result.csv)        = 7.000000
diff(ours - best)            = 2.000000
improvement(best - ours)     = -2.000000
ratio(ours / best)           = 1.285714
comparison                   = worse_than_result_csv
-------------------------------------------------------
-------------------------------------------------------
[random_instance_111_15_2_coreset.json]
instance_uid                 = 
center_dist_on_full          = 6.000000
coreset_dist_sum_unweighted  = 6.000000
coreset_dist_sum_weighted    = 6.000000
coreset_weights_sum          = 2.000000
findCenterGlobal2_time       = 0.004s
coreset_computeDistSum_time  = 0.001s
full_computeDistanceSum_time = 0.001s
best_cost(result.csv)        = 5.000000
diff(ours - best)            = 1.000000
improvement(best - ours)     = -1.000000
ratio(ours / best)           = 1.200000
comparison                   = worse_than_result_csv
-------------------------------------------------------
-------------------------------------------------------
[random_instance_130_15_5_coreset.json]
instance_uid                 = 
center_dist_on_full          = 12.000000
coreset_dist_sum_unweighted  = 7.000000
coreset_dist_sum_weighted    = 9.000000
coreset_weights_sum          = 5.000000
findCenterGlobal2_time       = 0.007s
coreset_computeDistSum_time  = 0.002s
full_computeDistanceSum_time = 0.004s
best_cost(result.csv)        = 9.000000
diff(ours - best)            = 3.000000
improvement(best - ours)     = -3.000000
ratio(ours / best)           = 1.333333
comparison                   = worse_than_result_csv
-------------------------------------------------------
-------------------------------------------------------
[random_instance_132_80_20_coreset.json]
instance_uid                 = 
center_dist_on_full          = 93.000000
coreset_dist_sum_unweighted  = 19.000000
coreset_dist_sum_weighted    = 60.000000
coreset_weights_sum          = 20.000000
findCenterGlobal2_time       = 0.156s
coreset_computeDistSum_time  = 0.031s
full_computeDistanceSum_time = 0.144s
best_cost(result.csv)        = 78.000000
diff(ours - best)            = 15.000000
improvement(best - ours)     = -15.000000
ratio(ours / best)           = 1.192308
comparison                   = worse_than_result_csv
-------------------------------------------------------
-------------------------------------------------------
[random_instance_136_320_2_coreset.json]
instance_uid                 = 
center_dist_on_full          = 6.000000
coreset_dist_sum_unweighted  = 6.000000
coreset_dist_sum_weighted    = 6.000000
coreset_weights_sum          = 2.000000
findCenterGlobal2_time       = 0.070s
coreset_computeDistSum_time  = 0.047s
full_computeDistanceSum_time = 0.045s
best_cost(result.csv)        = 6.000000
diff(ours - best)            = 0.000000
improvement(best - ours)     = 0.000000
ratio(ours / best)           = 1.000000
comparison                   = equal_to_result_csv
-------------------------------------------------------
-------------------------------------------------------
[random_instance_137_40_10_coreset.json]
instance_uid                 = 
center_dist_on_full          = 39.000000
coreset_dist_sum_unweighted  = 14.000000
coreset_dist_sum_weighted    = 35.000000
coreset_weights_sum          = 10.000000
findCenterGlobal2_time       = 0.043s
coreset_computeDistSum_time  = 0.010s
full_computeDistanceSum_time = 0.033s
best_cost(result.csv)        = 34.000000
diff(ours - best)            = 5.000000
improvement(best - ours)     = -5.000000
ratio(ours / best)           = 1.147059
comparison                   = worse_than_result_csv
-------------------------------------------------------
