INFO - 12/12/25 13:45:41 - 0:00:00 - ============ Initialized logger ============
INFO - 12/12/25 13:45:41 - 0:00:00 - batch_size: 32
                                     command: python 4cgshop.py --exp_id "a4hqz9es7v"
                                     cpu: True
                                     dump_path: checkpoint/debug/a4hqz9es7v
                                     exp_id: a4hqz9es7v
                                     exp_name: debug
                                     gen_batch_size: 10
                                     learning_rate: 0.0005
                                     max_epochs: 10
                                     max_output_length: 160
                                     max_steps: 200
                                     n_embd: 64
                                     n_embd2: 32
                                     n_head: 8
                                     n_layer: 2
                                     n_tokens: 100
                                     sample_only: 500
                                     temperature: 1.0
                                     top_k: -1
                                     type: transformer
                                     weight_decay: 0.01
INFO - 12/12/25 13:45:41 - 0:00:00 - The experiment will be stored in checkpoint/debug/a4hqz9es7v
                                     
INFO - 12/12/25 13:45:41 - 0:00:00 - Running command: python 4cgshop.py

INFO - 12/12/25 13:45:42 - 0:00:00 - Created checkpoint/debug/a4hqz9es7v/temp.txt and training tokenizer...
INFO - 12/12/25 13:45:42 - 0:00:00 - Directory 'checkpoint/debug/a4hqz9es7v/tokenizer_data' created.
INFO - 12/12/25 13:45:42 - 0:00:00 - File 'checkpoint/debug/a4hqz9es7v/temp.txt' has been deleted.
INFO - 12/12/25 13:45:42 - 0:00:00 - 0 / 19
INFO - 12/12/25 13:45:42 - 0:00:00 - initializing at generation: 1
INFO - 12/12/25 13:45:42 - 0:00:00 - number of examples in the dataset: 19
INFO - 12/12/25 13:45:42 - 0:00:00 - max word length: 44
INFO - 12/12/25 13:45:42 - 0:00:00 - number of unique characters in the vocabulary: 13
INFO - 12/12/25 13:45:42 - 0:00:00 - vocabulary:
INFO - 12/12/25 13:45:42 - 0:00:00 - ['V1', 'V2', 'V3', 'V4', 'V6', 'V7', 'V8', 'V9', 'V10', 'V11', 'V12', 'V13', 'V14']
INFO - 12/12/25 13:45:42 - 0:00:00 - split up the dataset into 18 training examples and 1 test examples
INFO - 12/12/25 13:45:42 - 0:00:00 - dataset determined that: vocab_size=14, block_size=161
INFO - 12/12/25 13:45:42 - 0:00:00 - model #params: 112192
INFO - 12/12/25 13:45:42 - 0:00:00 - ============ Start of generation 1 ============
INFO - 12/12/25 13:45:42 - 0:00:00 - cuda Memory allocated:  0.00MB, cuda reserved: 0.00MB
INFO - 12/12/25 13:45:42 - 0:00:00 - training
INFO - 12/12/25 13:45:42 - 0:00:01 - step 0/200 | loss 2.6994 | step time 43.90ms
INFO - 12/12/25 13:45:44 - 0:00:03 - step 100/200 | loss 0.7155 | step time 18.70ms
INFO - 12/12/25 13:45:46 - 0:00:05 - Memory allocated:  0.00MB, reserved: 0.00MB
INFO - 12/12/25 13:45:46 - 0:00:05 - generating
INFO - 12/12/25 13:46:15 - 0:00:34 - distribution of sample lengths: average: 103.898 max: 436
INFO - 12/12/25 13:46:15 - 0:00:34 - decoding
INFO - 12/12/25 13:46:15 - 0:00:34 - Decoding complet. Check the output in checkpoint/debug/a4hqz9es7v/transformer-output-decoded.txt
INFO - 12/12/25 13:46:15 - 0:00:34 - Memory allocated:  0.00MB, reserved: 0.00MB
INFO - 12/12/25 13:46:15 - 0:00:34 - ============ End of generation 1 ============
INFO - 12/12/25 13:46:24 - 0:00:43 - distribution of scores
